#
# There is insufficient memory for the Java Runtime Environment to continue.
# Native memory allocation (malloc) failed to allocate 32744 bytes for ChunkPool::allocate
# Possible reasons:
#   The system is out of physical RAM or swap space
#   The process is running with CompressedOops enabled, and the Java Heap may be blocking the growth of the native heap
# Possible solutions:
#   Reduce memory load on the system
#   Increase physical memory or swap space
#   Check if swap backing store is full
#   Decrease Java heap size (-Xmx/-Xms)
#   Decrease number of Java threads
#   Decrease Java thread stack sizes (-Xss)
#   Set larger code cache with -XX:ReservedCodeCacheSize=
#   JVM is running with Zero Based Compressed Oops mode in which the Java heap is
#     placed in the first 32GB address space. The Java Heap base address is the
#     maximum limit for the native heap growth. Please use -XX:HeapBaseMinAddress
#     to set the Java Heap base and to place the Java Heap above 32GB virtual address.
# This output file may be truncated or incomplete.
#
#  Out of Memory Error (t:/workspace/hotspot/src/share/vm/memory/allocation.cpp:256), pid=2320, tid=2516
#
# JRE version: Java(TM) SE Runtime Environment (9.0+11) (build 9.0.4+11)
# Java VM: Java HotSpot(TM) 64-Bit Server VM (9.0.4+11, mixed mode, tiered, compressed oops, g1 gc, windows-amd64)
# No core dump will be written. Minidumps are not enabled by default on client versions of Windows
#

---------------  S U M M A R Y ------------

Command Line: -Dsun.java2d.pmoffscreen=false -Dsun.java2d.xrender=false -Dsun.java2d.d3d=false -Dsun.awt.nopixfmt=true -Dsun.java2d.dpiaware=true -Dsun.java2d.uiScale.enabled=false -Xverify:none -Dswing.aatext=true -XX:-UsePerfData -Djdk.map.althashing.threshold=512 -XX:StringTableSize=4072 --add-opens=java.base/java.nio=ALL-UNNAMED --add-opens=java.desktop/sun.swing=ALL-UNNAMED --add-opens=java.desktop/javax.swing=ALL-UNNAMED --add-opens=java.desktop/javax.swing.tree=ALL-UNNAMED --add-opens=java.desktop/javax.swing.plaf.basic=ALL-UNNAMED --add-opens=java.desktop/javax.swing.plaf.synth=ALL-UNNAMED --add-opens=java.desktop/com.sun.awt=ALL-UNNAMED -XX:NewSize=60m -XX:MaxNewSize=60m -Xms128m -Xmx3072m -Xss5m 

Host: Intel(R) Core(TM) i7-8750H CPU @ 2.20GHz, 12 cores, 7G,  Windows 10 , 64 bit Build 17763 (10.0.17763.475)
Time: Wed Dec 04 22:49:46 2019 W. Europe Standard Time elapsed time: 0 seconds (0d 0h 0m 0s)

---------------  T H R E A D  ---------------

Current thread (0x0000022a63eb6800):  JavaThread "main" [_thread_in_vm, id=2516, stack(0x000000973bb00000,0x000000973bc00000)]

Stack: [0x000000973bb00000,0x000000973bc00000]
Native frames: (J=compiled Java code, j=interpreted, Vv=VM code, C=native code)
V  [jvm.dll+0x587068]

[error occurred during error reporting (printing native stack), id 0xe0000001]

Java frames: (J=compiled Java code, j=interpreted, Vv=VM code)
j  java.lang.invoke.MethodHandleNatives.resolve(Ljava/lang/invoke/MemberName;Ljava/lang/Class;)Ljava/lang/invoke/MemberName;+0 java.base@9.0.4
j  java.lang.invoke.MemberName$Factory.resolve(BLjava/lang/invoke/MemberName;Ljava/lang/Class;)Ljava/lang/invoke/MemberName;+32 java.base@9.0.4
j  java.lang.invoke.MemberName$Factory.resolveOrFail(BLjava/lang/invoke/MemberName;Ljava/lang/Class;Ljava/lang/Class;)Ljava/lang/invoke/MemberName;+4 java.base@9.0.4
j  java.lang.invoke.MethodHandles$Lookup.resolveOrFail(BLjava/lang/Class;Ljava/lang/String;Ljava/lang/invoke/MethodType;)Ljava/lang/invoke/MemberName;+45 java.base@9.0.4
j  java.lang.invoke.MethodHandles$Lookup.findStatic(Ljava/lang/Class;Ljava/lang/String;Ljava/lang/invoke/MethodType;)Ljava/lang/invoke/MethodHandle;+6 java.base@9.0.4
j  java.lang.invoke.BoundMethodHandle$Factory.makeCbmhCtor(Ljava/lang/Class;Ljava/lang/String;)Ljava/lang/invoke/MethodHandle;+15 java.base@9.0.4
j  java.lang.invoke.BoundMethodHandle$Factory.makeCtors(Ljava/lang/Class;Ljava/lang/String;[Ljava/lang/invoke/MethodHandle;)[Ljava/lang/invoke/MethodHandle;+24 java.base@9.0.4
j  java.lang.invoke.BoundMethodHandle$SpeciesData.<init>(Ljava/lang/String;Ljava/lang/Class;)V+65 java.base@9.0.4
j  java.lang.invoke.BoundMethodHandle$SpeciesData$1.apply(Ljava/lang/String;)Ljava/lang/invoke/BoundMethodHandle$SpeciesData;+11 java.base@9.0.4
j  java.lang.invoke.BoundMethodHandle$SpeciesData$1.apply(Ljava/lang/Object;)Ljava/lang/Object;+5 java.base@9.0.4
j  java.util.concurrent.ConcurrentHashMap.computeIfAbsent(Ljava/lang/Object;Ljava/util/function/Function;)Ljava/lang/Object;+115 java.base@9.0.4
j  java.lang.invoke.BoundMethodHandle$SpeciesData.get(Ljava/lang/String;)Ljava/lang/invoke/BoundMethodHandle$SpeciesData;+11 java.base@9.0.4
j  java.lang.invoke.BoundMethodHandle$SpeciesData.extendWith(Ljava/lang/invoke/LambdaForm$BasicType;)Ljava/lang/invoke/BoundMethodHandle$SpeciesData;+47 java.base@9.0.4
j  java.lang.invoke.LambdaFormEditor.newSpeciesData(Ljava/lang/invoke/LambdaForm$BasicType;)Ljava/lang/invoke/BoundMethodHandle$SpeciesData;+5 java.base@9.0.4
j  java.lang.invoke.LambdaFormEditor.makeArgumentCombinationForm(ILjava/lang/invoke/MethodType;[IZZ)Ljava/lang/invoke/LambdaForm;+154 java.base@9.0.4
j  java.lang.invoke.LambdaFormEditor.foldArgumentsForm(IZLjava/lang/invoke/MethodType;[I)Ljava/lang/invoke/LambdaForm;+106 java.base@9.0.4
j  java.lang.invoke.MethodHandles.foldArguments(Ljava/lang/invoke/MethodHandle;ILjava/lang/invoke/MethodHandle;[I)Ljava/lang/invoke/MethodHandle;+60 java.base@9.0.4
j  java.lang.invoke.StringConcatFactory$MethodHandleInlineCopyStrategy.generate(Ljava/lang/invoke/MethodType;Ljava/lang/invoke/StringConcatFactory$Recipe;)Ljava/lang/invoke/MethodHandle;+503 java.base@9.0.4
j  java.lang.invoke.StringConcatFactory.generate(Ljava/lang/invoke/MethodHandles$Lookup;Ljava/lang/String;Ljava/lang/invoke/MethodType;Ljava/lang/invoke/StringConcatFactory$Recipe;)Ljava/lang/invoke/MethodHandle;+101 java.base@9.0.4
j  java.lang.invoke.StringConcatFactory.doStringConcat(Ljava/lang/invoke/MethodHandles$Lookup;Ljava/lang/String;Ljava/lang/invoke/MethodType;ZLjava/lang/String;[Ljava/lang/Object;)Ljava/lang/invoke/CallSite;+507 java.base@9.0.4
j  java.lang.invoke.StringConcatFactory.makeConcatWithConstants(Ljava/lang/invoke/MethodHandles$Lookup;Ljava/lang/String;Ljava/lang/invoke/MethodType;Ljava/lang/String;[Ljava/lang/Object;)Ljava/lang/invoke/CallSite;+71 java.base@9.0.4
j  java.lang.invoke.DirectMethodHandle$Holder.invokeStatic(Ljava/lang/Object;Ljava/lang/Object;Ljava/lang/Object;Ljava/lang/Object;Ljava/lang/Object;Ljava/lang/Object;)Ljava/lang/Object;+18 java.base@9.0.4
j  java.lang.invoke.LambdaForm$BMH.reinvoke(Ljava/lang/Object;Ljava/lang/Object;Ljava/lang/Object;Ljava/lang/Object;Ljava/lang/Object;)Ljava/lang/Object;+48 java.base@9.0.4
j  java.lang.invoke.Invokers$Holder.invoke_MT(Ljava/lang/Object;Ljava/lang/Object;Ljava/lang/Object;Ljava/lang/Object;Ljava/lang/Object;Ljava/lang/Object;)Ljava/lang/Object;+26 java.base@9.0.4
j  java.lang.invoke.CallSite.makeSite(Ljava/lang/invoke/MethodHandle;Ljava/lang/String;Ljava/lang/invoke/MethodType;Ljava/lang/Object;Ljava/lang/Class;)Ljava/lang/invoke/CallSite;+134 java.base@9.0.4
j  java.lang.invoke.MethodHandleNatives.linkCallSiteImpl(Ljava/lang/Class;Ljava/lang/invoke/MethodHandle;Ljava/lang/String;Ljava/lang/invoke/MethodType;Ljava/lang/Object;[Ljava/lang/Object;)Ljava/lang/invoke/MemberName;+6 java.base@9.0.4
j  java.lang.invoke.MethodHandleNatives.linkCallSite(Ljava/lang/Object;Ljava/lang/Object;Ljava/lang/Object;Ljava/lang/Object;Ljava/lang/Object;[Ljava/lang/Object;)Ljava/lang/invoke/MemberName;+45 java.base@9.0.4
v  ~StubRoutines::call_stub
j  sun.awt.OSInfo$WindowsVersion.toString()Ljava/lang/String;+8 java.desktop@9.0.4
j  sun.awt.OSInfo.<clinit>()V+137 java.desktop@9.0.4
v  ~StubRoutines::call_stub
j  javax.swing.UIManager.<clinit>()V+72 java.desktop@9.0.4
v  ~StubRoutines::call_stub
j  ui.PlanAhead.<clinit>()V+68
v  ~StubRoutines::call_stub

---------------  P R O C E S S  ---------------

Java Threads: ( => current thread )
  0x0000022a6215b800 JavaThread "Service Thread" daemon [_thread_blocked, id=14364, stack(0x0000009740f00000,0x0000009741400000)]
  0x0000022a61fd3800 JavaThread "Common-Cleaner" daemon [_thread_blocked, id=12564, stack(0x0000009740a00000,0x0000009740f00000)]
  0x0000022a6046b800 JavaThread "Sweeper thread" daemon [_thread_blocked, id=9624, stack(0x0000009740500000,0x0000009740a00000)]
  0x0000022a60469000 JavaThread "C1 CompilerThread3" daemon [_thread_in_native, id=12212, stack(0x0000009740400000,0x0000009740500000)]
  0x0000022a60467800 JavaThread "C2 CompilerThread2" daemon [_thread_blocked, id=6188, stack(0x0000009740300000,0x0000009740400000)]
  0x0000022a60466800 JavaThread "C2 CompilerThread1" daemon [_thread_blocked, id=3752, stack(0x0000009740200000,0x0000009740300000)]
  0x0000022a60465000 JavaThread "C2 CompilerThread0" daemon [_thread_blocked, id=15540, stack(0x0000009740100000,0x0000009740200000)]
  0x0000022a60456800 JavaThread "Attach Listener" daemon [_thread_blocked, id=15572, stack(0x000000973fc00000,0x0000009740100000)]
  0x0000022a60456000 JavaThread "Signal Dispatcher" daemon [_thread_blocked, id=11624, stack(0x000000973f700000,0x000000973fc00000)]
  0x0000022a6090b000 JavaThread "Finalizer" daemon [_thread_blocked, id=5076, stack(0x000000973f200000,0x000000973f700000)]
  0x0000022a60909000 JavaThread "Reference Handler" daemon [_thread_blocked, id=4332, stack(0x000000973ed00000,0x000000973f200000)]
=>0x0000022a63eb6800 JavaThread "main" [_thread_in_vm, id=2516, stack(0x000000973bb00000,0x000000973bc00000)]

Other Threads:
  0x0000022a608fe800 VMThread "VM Thread" [stack: 0x000000973ec00000,0x000000973ed00000] [id=1996]
  0x0000022a6215d800 WatcherThread [stack: 0x0000009741400000,0x0000009741500000] [id=1044]
  0x0000022a66713800 GCTaskThread "GC Thread#0" [stack: 0x000000973d300000,0x000000973d400000] [id=16144]
  0x0000022a66714000 GCTaskThread "GC Thread#1" [stack: 0x000000973d400000,0x000000973d500000] [id=6996]
  0x0000022a64176800 GCTaskThread "GC Thread#2" [stack: 0x000000973d500000,0x000000973d600000] [id=11212]
  0x0000022a64177000 GCTaskThread "GC Thread#3" [stack: 0x000000973d600000,0x000000973d700000] [id=2388]
  0x0000022a63f52800 GCTaskThread "GC Thread#4" [stack: 0x000000973d700000,0x000000973d800000] [id=17060]
  0x0000022a60b6b800 GCTaskThread "GC Thread#5" [stack: 0x000000973d800000,0x000000973d900000] [id=8404]
  0x0000022a60be3000 GCTaskThread "GC Thread#6" [stack: 0x000000973d900000,0x000000973da00000] [id=1184]
  0x0000022a63af4800 GCTaskThread "GC Thread#7" [stack: 0x000000973da00000,0x000000973db00000] [id=3420]
  0x0000022a63a96000 GCTaskThread "GC Thread#8" [stack: 0x000000973db00000,0x000000973dc00000] [id=8472]
  0x0000022a66fdd800 GCTaskThread "GC Thread#9" [stack: 0x000000973dc00000,0x000000973dd00000] [id=15972]
  0x0000022a61007000 ConcurrentGCThread "G1 Main Marker" [stack: 0x000000973e800000,0x000000973e900000] [id=13944]
  0x0000022a61007800 ConcurrentGCThread "G1 Marker#0" [stack: 0x000000973e900000,0x000000973ea00000] [id=13572]
  0x0000022a61008800 ConcurrentGCThread "G1 Marker#1" [stack: 0x000000973ea00000,0x000000973eb00000] [id=10256]
  0x0000022a639f6000 ConcurrentGCThread "G1 Marker#2" [stack: 0x000000973eb00000,0x000000973ec00000] [id=3788]
  0x0000022a60403000 ConcurrentGCThread "G1 Refine#0" [stack: 0x000000973e600000,0x000000973e700000] [id=3784]
  0x0000022a60536000 ConcurrentGCThread "G1 Refine#1" [stack: 0x000000973e500000,0x000000973e600000] [id=10340]
  0x0000022a60533000 ConcurrentGCThread "G1 Refine#2" [stack: 0x000000973e400000,0x000000973e500000] [id=14428]
  0x0000022a60532800 ConcurrentGCThread "G1 Refine#3" [stack: 0x000000973e300000,0x000000973e400000] [id=9080]
  0x0000022a66ea3800 ConcurrentGCThread "G1 Refine#4" [stack: 0x000000973e200000,0x000000973e300000] [id=13256]
  0x0000022a66ea3000 ConcurrentGCThread "G1 Refine#5" [stack: 0x000000973e100000,0x000000973e200000] [id=12744]
  0x0000022a61e8c800 ConcurrentGCThread "G1 Refine#6" [stack: 0x000000973e000000,0x000000973e100000] [id=4004]
  0x0000022a63b1c800 ConcurrentGCThread "G1 Refine#7" [stack: 0x000000973df00000,0x000000973e000000] [id=15528]
  0x0000022a63b1b800 ConcurrentGCThread "G1 Refine#8" [stack: 0x000000973de00000,0x000000973df00000] [id=15700]
  0x0000022a64112800 ConcurrentGCThread "G1 Refine#9" [stack: 0x000000973dd00000,0x000000973de00000] [id=12248]
  0x0000022a60404000 ConcurrentGCThread "G1 Young RemSet Sampling" [stack: 0x000000973e700000,0x000000973e800000] [id=13108]

Threads with active compile tasks:
C1 CompilerThread3 434       3       jdk.internal.org.objectweb.asm.Frame::execute (2252 bytes)

VM state:not at safepoint (normal execution)

VM Mutex/Monitor currently owned by a thread: None

Heap address: 0x0000000700000000, size: 3072 MB, Compressed Oops mode: Zero based, Oop shift amount: 3
Narrow klass base: 0x0000000000000000, Narrow klass shift: 3
Compressed class space size: 1073741824 Address: 0x00000007c0000000

Heap:
 garbage-first heap   total 131072K, used 11264K [0x0000000700000000, 0x0000000700100400, 0x00000007c0000000)
  region size 1024K, 9 young (9216K), 0 survivors (0K)
 Metaspace       used 5246K, capacity 5310K, committed 5376K, reserved 1056768K
  class space    used 497K, capacity 512K, committed 512K, reserved 1048576K
Heap Regions: E=young(eden), S=young(survivor), O=old, HS=humongous(starts), HC=humongous(continues), CS=collection set, F=free, A=archive, TS=gc time stamp, AC=allocation context, TAMS=top-at-mark-start (previous, next)
|   0|0x0000000700000000, 0x0000000700100000, 0x0000000700100000|100%|HS|  |TS  0|AC  0|TAMS 0x0000000700000000, 0x0000000700000000|
|   1|0x0000000700100000, 0x0000000700200000, 0x0000000700200000|100%|HS|  |TS  0|AC  0|TAMS 0x0000000700100000, 0x0000000700100000|
|   2|0x0000000700200000, 0x0000000700300000, 0x0000000700300000|100%|HC|  |TS  0|AC  0|TAMS 0x0000000700200000, 0x0000000700200000|
|   3|0x0000000700300000, 0x0000000700300000, 0x0000000700400000|  0%| F|  |TS  0|AC  0|TAMS 0x0000000700300000, 0x0000000700300000|
|   4|0x0000000700400000, 0x0000000700400000, 0x0000000700500000|  0%| F|  |TS  0|AC  0|TAMS 0x0000000700400000, 0x0000000700400000|
|   5|0x0000000700500000, 0x0000000700500000, 0x0000000700600000|  0%| F|  |TS  0|AC  0|TAMS 0x0000000700500000, 0x0000000700500000|
|   6|0x0000000700600000, 0x0000000700600000, 0x0000000700700000|  0%| F|  |TS  0|AC  0|TAMS 0x0000000700600000, 0x0000000700600000|
|   7|0x0000000700700000, 0x0000000700700000, 0x0000000700800000|  0%| F|  |TS  0|AC  0|TAMS 0x0000000700700000, 0x0000000700700000|
|   8|0x0000000700800000, 0x0000000700800000, 0x0000000700900000|  0%| F|  |TS  0|AC  0|TAMS 0x0000000700800000, 0x0000000700800000|
|   9|0x0000000700900000, 0x0000000700900000, 0x0000000700a00000|  0%| F|  |TS  0|AC  0|TAMS 0x0000000700900000, 0x0000000700900000|
|  10|0x0000000700a00000, 0x0000000700a00000, 0x0000000700b00000|  0%| F|  |TS  0|AC  0|TAMS 0x0000000700a00000, 0x0000000700a00000|
|  11|0x0000000700b00000, 0x0000000700b00000, 0x0000000700c00000|  0%| F|  |TS  0|AC  0|TAMS 0x0000000700b00000, 0x0000000700b00000|
|  12|0x0000000700c00000, 0x0000000700c00000, 0x0000000700d00000|  0%| F|  |TS  0|AC  0|TAMS 0x0000000700c00000, 0x0000000700c00000|
|  13|0x0000000700d00000, 0x0000000700d00000, 0x0000000700e00000|  0%| F|  |TS  0|AC  0|TAMS 0x0000000700d00000, 0x0000000700d00000|
|  14|0x0000000700e00000, 0x0000000700e00000, 0x0000000700f00000|  0%| F|  |TS  0|AC  0|TAMS 0x0000000700e00000, 0x0000000700e00000|
|  15|0x0000000700f00000, 0x0000000700f00000, 0x0000000701000000|  0%| F|  |TS  0|AC  0|TAMS 0x0000000700f00000, 0x0000000700f00000|
|  16|0x0000000701000000, 0x0000000701000000, 0x0000000701100000|  0%| F|  |TS  0|AC  0|TAMS 0x0000000701000000, 0x0000000701000000|
|  17|0x0000000701100000, 0x0000000701100000, 0x0000000701200000|  0%| F|  |TS  0|AC  0|TAMS 0x0000000701100000, 0x0000000701100000|
|  18|0x0000000701200000, 0x0000000701200000, 0x0000000701300000|  0%| F|  |TS  0|AC  0|TAMS 0x0000000701200000, 0x0000000701200000|
|  19|0x0000000701300000, 0x0000000701300000, 0x0000000701400000|  0%| F|  |TS  0|AC  0|TAMS 0x0000000701300000, 0x0000000701300000|
|  20|0x0000000701400000, 0x0000000701400000, 0x0000000701500000|  0%| F|  |TS  0|AC  0|TAMS 0x0000000701400000, 0x0000000701400000|
|  21|0x0000000701500000, 0x0000000701500000, 0x0000000701600000|  0%| F|  |TS  0|AC  0|TAMS 0x0000000701500000, 0x0000000701500000|
|  22|0x0000000701600000, 0x0000000701600000, 0x0000000701700000|  0%| F|  |TS  0|AC  0|TAMS 0x0000000701600000, 0x0000000701600000|
|  23|0x0000000701700000, 0x0000000701700000, 0x0000000701800000|  0%| F|  |TS  0|AC  0|TAMS 0x0000000701700000, 0x0000000701700000|
|  24|0x0000000701800000, 0x0000000701800000, 0x0000000701900000|  0%| F|  |TS  0|AC  0|TAMS 0x0000000701800000, 0x0000000701800000|
|  25|0x0000000701900000, 0x0000000701900000, 0x0000000701a00000|  0%| F|  |TS  0|AC  0|TAMS 0x0000000701900000, 0x0000000701900000|
|  26|0x0000000701a00000, 0x0000000701a00000, 0x0000000701b00000|  0%| F|  |TS  0|AC  0|TAMS 0x0000000701a00000, 0x0000000701a00000|
|  27|0x0000000701b00000, 0x0000000701b00000, 0x0000000701c00000|  0%| F|  |TS  0|AC  0|TAMS 0x0000000701b00000, 0x0000000701b00000|
|  28|0x0000000701c00000, 0x0000000701c00000, 0x0000000701d00000|  0%| F|  |TS  0|AC  0|TAMS 0x0000000701c00000, 0x0000000701c00000|
|  29|0x0000000701d00000, 0x0000000701d00000, 0x0000000701e00000|  0%| F|  |TS  0|AC  0|TAMS 0x0000000701d00000, 0x0000000701d00000|
|  30|0x0000000701e00000, 0x0000000701e00000, 0x0000000701f00000|  0%| F|  |TS  0|AC  0|TAMS 0x0000000701e00000, 0x0000000701e00000|
|  31|0x0000000701f00000, 0x0000000701f00000, 0x0000000702000000|  0%| F|  |TS  0|AC  0|TAMS 0x0000000701f00000, 0x0000000701f00000|
|  32|0x0000000702000000, 0x0000000702000000, 0x0000000702100000|  0%| F|  |TS  0|AC  0|TAMS 0x0000000702000000, 0x0000000702000000|
|  33|0x0000000702100000, 0x0000000702100000, 0x0000000702200000|  0%| F|  |TS  0|AC  0|TAMS 0x0000000702100000, 0x0000000702100000|
|  34|0x0000000702200000, 0x0000000702200000, 0x0000000702300000|  0%| F|  |TS  0|AC  0|TAMS 0x0000000702200000, 0x0000000702200000|
|  35|0x0000000702300000, 0x0000000702300000, 0x0000000702400000|  0%| F|  |TS  0|AC  0|TAMS 0x0000000702300000, 0x0000000702300000|
|  36|0x0000000702400000, 0x0000000702400000, 0x0000000702500000|  0%| F|  |TS  0|AC  0|TAMS 0x0000000702400000, 0x0000000702400000|
|  37|0x0000000702500000, 0x0000000702500000, 0x0000000702600000|  0%| F|  |TS  0|AC  0|TAMS 0x0000000702500000, 0x0000000702500000|
|  38|0x0000000702600000, 0x0000000702600000, 0x0000000702700000|  0%| F|  |TS  0|AC  0|TAMS 0x0000000702600000, 0x0000000702600000|
|  39|0x0000000702700000, 0x0000000702700000, 0x0000000702800000|  0%| F|  |TS  0|AC  0|TAMS 0x0000000702700000, 0x0000000702700000|
|  40|0x0000000702800000, 0x0000000702800000, 0x0000000702900000|  0%| F|  |TS  0|AC  0|TAMS 0x0000000702800000, 0x0000000702800000|
|  41|0x0000000702900000, 0x0000000702900000, 0x0000000702a00000|  0%| F|  |TS  0|AC  0|TAMS 0x0000000702900000, 0x0000000702900000|
|  42|0x0000000702a00000, 0x0000000702a00000, 0x0000000702b00000|  0%| F|  |TS  0|AC  0|TAMS 0x0000000702a00000, 0x0000000702a00000|
|  43|0x0000000702b00000, 0x0000000702b00000, 0x0000000702c00000|  0%| F|  |TS  0|AC  0|TAMS 0x0000000702b00000, 0x0000000702b00000|
|  44|0x0000000702c00000, 0x0000000702c00000, 0x0000000702d00000|  0%| F|  |TS  0|AC  0|TAMS 0x0000000702c00000, 0x0000000702c00000|
|  45|0x0000000702d00000, 0x0000000702d00000, 0x0000000702e00000|  0%| F|  |TS  0|AC  0|TAMS 0x0000000702d00000, 0x0000000702d00000|
|  46|0x0000000702e00000, 0x0000000702e00000, 0x0000000702f00000|  0%| F|  |TS  0|AC  0|TAMS 0x0000000702e00000, 0x0000000702e00000|
|  47|0x0000000702f00000, 0x0000000702f00000, 0x0000000703000000|  0%| F|  |TS  0|AC  0|TAMS 0x0000000702f00000, 0x0000000702f00000|
|  48|0x0000000703000000, 0x0000000703000000, 0x0000000703100000|  0%| F|  |TS  0|AC  0|TAMS 0x0000000703000000, 0x0000000703000000|
|  49|0x0000000703100000, 0x0000000703100000, 0x0000000703200000|  0%| F|  |TS  0|AC  0|TAMS 0x0000000703100000, 0x0000000703100000|
|  50|0x0000000703200000, 0x0000000703200000, 0x0000000703300000|  0%| F|  |TS  0|AC  0|TAMS 0x0000000703200000, 0x0000000703200000|
|  51|0x0000000703300000, 0x0000000703300000, 0x0000000703400000|  0%| F|  |TS  0|AC  0|TAMS 0x0000000703300000, 0x0000000703300000|
|  52|0x0000000703400000, 0x0000000703400000, 0x0000000703500000|  0%| F|  |TS  0|AC  0|TAMS 0x0000000703400000, 0x0000000703400000|
|  53|0x0000000703500000, 0x0000000703500000, 0x0000000703600000|  0%| F|  |TS  0|AC  0|TAMS 0x0000000703500000, 0x0000000703500000|
|  54|0x0000000703600000, 0x0000000703600000, 0x0000000703700000|  0%| F|  |TS  0|AC  0|TAMS 0x0000000703600000, 0x0000000703600000|
|  55|0x0000000703700000, 0x0000000703700000, 0x0000000703800000|  0%| F|  |TS  0|AC  0|TAMS 0x0000000703700000, 0x0000000703700000|
|  56|0x0000000703800000, 0x0000000703800000, 0x0000000703900000|  0%| F|  |TS  0|AC  0|TAMS 0x0000000703800000, 0x0000000703800000|
|  57|0x0000000703900000, 0x0000000703900000, 0x0000000703a00000|  0%| F|  |TS  0|AC  0|TAMS 0x0000000703900000, 0x0000000703900000|
|  58|0x0000000703a00000, 0x0000000703a00000, 0x0000000703b00000|  0%| F|  |TS  0|AC  0|TAMS 0x0000000703a00000, 0x0000000703a00000|
|  59|0x0000000703b00000, 0x0000000703b00000, 0x0000000703c00000|  0%| F|  |TS  0|AC  0|TAMS 0x0000000703b00000, 0x0000000703b00000|
|  60|0x0000000703c00000, 0x0000000703c00000, 0x0000000703d00000|  0%| F|  |TS  0|AC  0|TAMS 0x0000000703c00000, 0x0000000703c00000|
|  61|0x0000000703d00000, 0x0000000703d00000, 0x0000000703e00000|  0%| F|  |TS  0|AC  0|TAMS 0x0000000703d00000, 0x0000000703d00000|
|  62|0x0000000703e00000, 0x0000000703e00000, 0x0000000703f00000|  0%| F|  |TS  0|AC  0|TAMS 0x0000000703e00000, 0x0000000703e00000|
|  63|0x0000000703f00000, 0x0000000703f00000, 0x0000000704000000|  0%| F|  |TS  0|AC  0|TAMS 0x0000000703f00000, 0x0000000703f00000|
|  64|0x0000000704000000, 0x0000000704000000, 0x0000000704100000|  0%| F|  |TS  0|AC  0|TAMS 0x0000000704000000, 0x0000000704000000|
|  65|0x0000000704100000, 0x0000000704100000, 0x0000000704200000|  0%| F|  |TS  0|AC  0|TAMS 0x0000000704100000, 0x0000000704100000|
|  66|0x0000000704200000, 0x0000000704200000, 0x0000000704300000|  0%| F|  |TS  0|AC  0|TAMS 0x0000000704200000, 0x0000000704200000|
|  67|0x0000000704300000, 0x0000000704300000, 0x0000000704400000|  0%| F|  |TS  0|AC  0|TAMS 0x0000000704300000, 0x0000000704300000|
|  68|0x0000000704400000, 0x0000000704400000, 0x0000000704500000|  0%| F|  |TS  0|AC  0|TAMS 0x0000000704400000, 0x0000000704400000|
|  69|0x0000000704500000, 0x0000000704500000, 0x0000000704600000|  0%| F|  |TS  0|AC  0|TAMS 0x0000000704500000, 0x0000000704500000|
|  70|0x0000000704600000, 0x0000000704600000, 0x0000000704700000|  0%| F|  |TS  0|AC  0|TAMS 0x0000000704600000, 0x0000000704600000|
|  71|0x0000000704700000, 0x0000000704700000, 0x0000000704800000|  0%| F|  |TS  0|AC  0|TAMS 0x0000000704700000, 0x0000000704700000|
|  72|0x0000000704800000, 0x0000000704800000, 0x0000000704900000|  0%| F|  |TS  0|AC  0|TAMS 0x0000000704800000, 0x0000000704800000|
|  73|0x0000000704900000, 0x0000000704900000, 0x0000000704a00000|  0%| F|  |TS  0|AC  0|TAMS 0x0000000704900000, 0x0000000704900000|
|  74|0x0000000704a00000, 0x0000000704a00000, 0x0000000704b00000|  0%| F|  |TS  0|AC  0|TAMS 0x0000000704a00000, 0x0000000704a00000|
|  75|0x0000000704b00000, 0x0000000704b00000, 0x0000000704c00000|  0%| F|  |TS  0|AC  0|TAMS 0x0000000704b00000, 0x0000000704b00000|
|  76|0x0000000704c00000, 0x0000000704c00000, 0x0000000704d00000|  0%| F|  |TS  0|AC  0|TAMS 0x0000000704c00000, 0x0000000704c00000|
|  77|0x0000000704d00000, 0x0000000704d00000, 0x0000000704e00000|  0%| F|  |TS  0|AC  0|TAMS 0x0000000704d00000, 0x0000000704d00000|
|  78|0x0000000704e00000, 0x0000000704e00000, 0x0000000704f00000|  0%| F|  |TS  0|AC  0|TAMS 0x0000000704e00000, 0x0000000704e00000|
|  79|0x0000000704f00000, 0x0000000704f00000, 0x0000000705000000|  0%| F|  |TS  0|AC  0|TAMS 0x0000000704f00000, 0x0000000704f00000|
|  80|0x0000000705000000, 0x0000000705000000, 0x0000000705100000|  0%| F|  |TS  0|AC  0|TAMS 0x0000000705000000, 0x0000000705000000|
|  81|0x0000000705100000, 0x0000000705100000, 0x0000000705200000|  0%| F|  |TS  0|AC  0|TAMS 0x0000000705100000, 0x0000000705100000|
|  82|0x0000000705200000, 0x0000000705200000, 0x0000000705300000|  0%| F|  |TS  0|AC  0|TAMS 0x0000000705200000, 0x0000000705200000|
|  83|0x0000000705300000, 0x0000000705300000, 0x0000000705400000|  0%| F|  |TS  0|AC  0|TAMS 0x0000000705300000, 0x0000000705300000|
|  84|0x0000000705400000, 0x0000000705400000, 0x0000000705500000|  0%| F|  |TS  0|AC  0|TAMS 0x0000000705400000, 0x0000000705400000|
|  85|0x0000000705500000, 0x0000000705500000, 0x0000000705600000|  0%| F|  |TS  0|AC  0|TAMS 0x0000000705500000, 0x0000000705500000|
|  86|0x0000000705600000, 0x0000000705600000, 0x0000000705700000|  0%| F|  |TS  0|AC  0|TAMS 0x0000000705600000, 0x0000000705600000|
|  87|0x0000000705700000, 0x0000000705700000, 0x0000000705800000|  0%| F|  |TS  0|AC  0|TAMS 0x0000000705700000, 0x0000000705700000|
|  88|0x0000000705800000, 0x0000000705800000, 0x0000000705900000|  0%| F|  |TS  0|AC  0|TAMS 0x0000000705800000, 0x0000000705800000|
|  89|0x0000000705900000, 0x0000000705900000, 0x0000000705a00000|  0%| F|  |TS  0|AC  0|TAMS 0x0000000705900000, 0x0000000705900000|
|  90|0x0000000705a00000, 0x0000000705a00000, 0x0000000705b00000|  0%| F|  |TS  0|AC  0|TAMS 0x0000000705a00000, 0x0000000705a00000|
|  91|0x0000000705b00000, 0x0000000705b00000, 0x0000000705c00000|  0%| F|  |TS  0|AC  0|TAMS 0x0000000705b00000, 0x0000000705b00000|
|  92|0x0000000705c00000, 0x0000000705c00000, 0x0000000705d00000|  0%| F|  |TS  0|AC  0|TAMS 0x0000000705c00000, 0x0000000705c00000|
|  93|0x0000000705d00000, 0x0000000705d00000, 0x0000000705e00000|  0%| F|  |TS  0|AC  0|TAMS 0x0000000705d00000, 0x0000000705d00000|
|  94|0x0000000705e00000, 0x0000000705e00000, 0x0000000705f00000|  0%| F|  |TS  0|AC  0|TAMS 0x0000000705e00000, 0x0000000705e00000|
|  95|0x0000000705f00000, 0x0000000705f00000, 0x0000000706000000|  0%| F|  |TS  0|AC  0|TAMS 0x0000000705f00000, 0x0000000705f00000|
|  96|0x0000000706000000, 0x0000000706000000, 0x0000000706100000|  0%| F|  |TS  0|AC  0|TAMS 0x0000000706000000, 0x0000000706000000|
|  97|0x0000000706100000, 0x0000000706100000, 0x0000000706200000|  0%| F|  |TS  0|AC  0|TAMS 0x0000000706100000, 0x0000000706100000|
|  98|0x0000000706200000, 0x0000000706200000, 0x0000000706300000|  0%| F|  |TS  0|AC  0|TAMS 0x0000000706200000, 0x0000000706200000|
|  99|0x0000000706300000, 0x0000000706300000, 0x0000000706400000|  0%| F|  |TS  0|AC  0|TAMS 0x0000000706300000, 0x0000000706300000|
| 100|0x0000000706400000, 0x0000000706400000, 0x0000000706500000|  0%| F|  |TS  0|AC  0|TAMS 0x0000000706400000, 0x0000000706400000|
| 101|0x0000000706500000, 0x0000000706500000, 0x0000000706600000|  0%| F|  |TS  0|AC  0|TAMS 0x0000000706500000, 0x0000000706500000|
| 102|0x0000000706600000, 0x0000000706600000, 0x0000000706700000|  0%| F|  |TS  0|AC  0|TAMS 0x0000000706600000, 0x0000000706600000|
| 103|0x0000000706700000, 0x0000000706700000, 0x0000000706800000|  0%| F|  |TS  0|AC  0|TAMS 0x0000000706700000, 0x0000000706700000|
| 104|0x0000000706800000, 0x0000000706800000, 0x0000000706900000|  0%| F|  |TS  0|AC  0|TAMS 0x0000000706800000, 0x0000000706800000|
| 105|0x0000000706900000, 0x0000000706900000, 0x0000000706a00000|  0%| F|  |TS  0|AC  0|TAMS 0x0000000706900000, 0x0000000706900000|
| 106|0x0000000706a00000, 0x0000000706a00000, 0x0000000706b00000|  0%| F|  |TS  0|AC  0|TAMS 0x0000000706a00000, 0x0000000706a00000|
| 107|0x0000000706b00000, 0x0000000706b00000, 0x0000000706c00000|  0%| F|  |TS  0|AC  0|TAMS 0x0000000706b00000, 0x0000000706b00000|
| 108|0x0000000706c00000, 0x0000000706c00000, 0x0000000706d00000|  0%| F|  |TS  0|AC  0|TAMS 0x0000000706c00000, 0x0000000706c00000|
| 109|0x0000000706d00000, 0x0000000706d00000, 0x0000000706e00000|  0%| F|  |TS  0|AC  0|TAMS 0x0000000706d00000, 0x0000000706d00000|
| 110|0x0000000706e00000, 0x0000000706e00000, 0x0000000706f00000|  0%| F|  |TS  0|AC  0|TAMS 0x0000000706e00000, 0x0000000706e00000|
| 111|0x0000000706f00000, 0x0000000706f00000, 0x0000000707000000|  0%| F|  |TS  0|AC  0|TAMS 0x0000000706f00000, 0x0000000706f00000|
| 112|0x0000000707000000, 0x0000000707000000, 0x0000000707100000|  0%| F|  |TS  0|AC  0|TAMS 0x0000000707000000, 0x0000000707000000|
| 113|0x0000000707100000, 0x0000000707100000, 0x0000000707200000|  0%| F|  |TS  0|AC  0|TAMS 0x0000000707100000, 0x0000000707100000|
| 114|0x0000000707200000, 0x0000000707200000, 0x0000000707300000|  0%| F|  |TS  0|AC  0|TAMS 0x0000000707200000, 0x0000000707200000|
| 115|0x0000000707300000, 0x0000000707300000, 0x0000000707400000|  0%| F|  |TS  0|AC  0|TAMS 0x0000000707300000, 0x0000000707300000|
| 116|0x0000000707400000, 0x0000000707400000, 0x0000000707500000|  0%| F|  |TS  0|AC  0|TAMS 0x0000000707400000, 0x0000000707400000|
| 117|0x0000000707500000, 0x0000000707500000, 0x0000000707600000|  0%| F|  |TS  0|AC  0|TAMS 0x0000000707500000, 0x0000000707500000|
| 118|0x0000000707600000, 0x0000000707600000, 0x0000000707700000|  0%| F|  |TS  0|AC  0|TAMS 0x0000000707600000, 0x0000000707600000|
| 119|0x0000000707700000, 0x0000000707780800, 0x0000000707800000| 50%| E|  |TS  0|AC  0|TAMS 0x0000000707700000, 0x0000000707700000|
| 120|0x0000000707800000, 0x0000000707900000, 0x0000000707900000|100%| E|CS|TS  0|AC  0|TAMS 0x0000000707800000, 0x0000000707800000|
| 121|0x0000000707900000, 0x0000000707a00000, 0x0000000707a00000|100%| E|CS|TS  0|AC  0|TAMS 0x0000000707900000, 0x0000000707900000|
| 122|0x0000000707a00000, 0x0000000707b00000, 0x0000000707b00000|100%| E|CS|TS  0|AC  0|TAMS 0x0000000707a00000, 0x0000000707a00000|
| 123|0x0000000707b00000, 0x0000000707c00000, 0x0000000707c00000|100%| E|CS|TS  0|AC  0|TAMS 0x0000000707b00000, 0x0000000707b00000|
| 124|0x0000000707c00000, 0x0000000707d00000, 0x0000000707d00000|100%| E|CS|TS  0|AC  0|TAMS 0x0000000707c00000, 0x0000000707c00000|
| 125|0x0000000707d00000, 0x0000000707e00000, 0x0000000707e00000|100%| E|CS|TS  0|AC  0|TAMS 0x0000000707d00000, 0x0000000707d00000|
| 126|0x0000000707e00000, 0x0000000707f00000, 0x0000000707f00000|100%| E|CS|TS  0|AC  0|TAMS 0x0000000707e00000, 0x0000000707e00000|
| 127|0x0000000707f00000, 0x0000000708000000, 0x0000000708000000|100%| E|CS|TS  0|AC  0|TAMS 0x0000000707f00000, 0x0000000707f00000|

Card table byte_map: [0x0000022a64e60000,0x0000022a65460000] byte_map_base: 0x0000022a61660000

Marking Bits (Prev, Next): (CMBitMap*) 0x0000022a60408a30, (CMBitMap*) 0x0000022a60408a68
 Prev Bits: [0x0000022a7cb20000, 0x0000022a7fb20000)
 Next Bits: [0x0000022a00000000, 0x0000022a03000000)

Polling page: 0x0000022a5a810000

CodeHeap 'non-profiled nmethods': size=120000Kb used=154Kb max_used=154Kb free=119846Kb
 bounds [0x0000022a755f0000, 0x0000022a75860000, 0x0000022a7cb20000]
CodeHeap 'profiled nmethods': size=120000Kb used=643Kb max_used=643Kb free=119356Kb
 bounds [0x0000022a6e0c0000, 0x0000022a6e330000, 0x0000022a755f0000]
CodeHeap 'non-nmethods': size=5760Kb used=1192Kb max_used=1211Kb free=4567Kb
 bounds [0x0000022a6db20000, 0x0000022a6dd90000, 0x0000022a6e0c0000]
 total_blobs=906 nmethods=438 adapters=245
 compilation: enabled

Compilation events (10 events):
Event: 0.927 Thread 0x0000022a60469000 nmethod 424 0x0000022a6e15e190 code [0x0000022a6e15e340, 0x0000022a6e15e590]
Event: 0.927 Thread 0x0000022a60469000  425       3       java.lang.invoke.MethodType::checkPtypes (61 bytes)
Event: 0.927 Thread 0x0000022a60469000 nmethod 425 0x0000022a6e15e690 code [0x0000022a6e15e920, 0x0000022a6e15f490]
Event: 0.927 Thread 0x0000022a60469000  430       3       jdk.internal.org.objectweb.asm.ClassWriter::newUTF8 (70 bytes)
Event: 0.927 Thread 0x0000022a60469000 nmethod 430 0x0000022a6e15f890 code [0x0000022a6e15faa0, 0x0000022a6e15ff00]
Event: 0.927 Thread 0x0000022a60469000  429       3       java.util.Arrays::copyOf (41 bytes)
Event: 0.927 Thread 0x0000022a60469000 nmethod 429 0x0000022a6e160110 code [0x0000022a6e160320, 0x0000022a6e160b10]
Event: 0.927 Thread 0x0000022a60469000  431       1       java.lang.invoke.LambdaForm$BasicType::basicTypeClass (5 bytes)
Event: 0.928 Thread 0x0000022a60469000 nmethod 431 0x0000022a75615a90 code [0x0000022a75615c40, 0x0000022a75615d58]
Event: 0.928 Thread 0x0000022a60469000  434       3       jdk.internal.org.objectweb.asm.Frame::execute (2252 bytes)

GC Heap History (0 events):
No events

Deoptimization events (5 events):
Event: 0.159 Thread 0x0000022a63eb6800 Uncommon trap: reason=unstable_if action=reinterpret pc=0x0000022a755f6b94 method=java.lang.StringLatin1.indexOf([BII)I @ 23 c2
Event: 0.165 Thread 0x0000022a63eb6800 Uncommon trap: reason=range_check action=reinterpret pc=0x0000022a755f58e8 method=java.lang.StringLatin1.indexOf([BII)I @ 13 c2
Event: 0.238 Thread 0x0000022a63eb6800 Uncommon trap: reason=null_check action=make_not_entrant pc=0x0000022a755fa9e8 method=java.lang.String.equals(Ljava/lang/Object;)Z @ 8 c2
Event: 0.617 Thread 0x0000022a63eb6800 Uncommon trap: reason=unstable_if action=reinterpret pc=0x0000022a7560a118 method=java.util.zip.ZipFile$Source.isMetaName([BII)Z @ 43 c2
Event: 0.849 Thread 0x0000022a63eb6800 Uncommon trap: reason=unstable_if action=reinterpret pc=0x0000022a7560d5b0 method=java.util.zip.ZipFile$Source.isMetaName([BII)Z @ 71 c2

Classes redefined (0 events):
No events

Internal exceptions (10 events):
Event: 0.714 Thread 0x0000022a63eb6800 Exception <a 'java/security/PrivilegedActionException'{0x0000000707bf6bd8}> (0x0000000707bf6bd8) thrown at [t:/workspace/hotspot/src/share/vm/prims/jvm.cpp, line 1310]
Event: 0.714 Thread 0x0000022a63eb6800 Exception <a 'java/security/PrivilegedActionException'{0x0000000707bf6de8}> (0x0000000707bf6de8) thrown at [t:/workspace/hotspot/src/share/vm/prims/jvm.cpp, line 1310]
Event: 0.715 Thread 0x0000022a63eb6800 Exception <a 'java/security/PrivilegedActionException'{0x0000000707bf7960}> (0x0000000707bf7960) thrown at [t:/workspace/hotspot/src/share/vm/prims/jvm.cpp, line 1310]
Event: 0.715 Thread 0x0000022a63eb6800 Exception <a 'java/security/PrivilegedActionException'{0x0000000707bf7b70}> (0x0000000707bf7b70) thrown at [t:/workspace/hotspot/src/share/vm/prims/jvm.cpp, line 1310]
Event: 0.715 Thread 0x0000022a63eb6800 Exception <a 'java/security/PrivilegedActionException'{0x0000000707bf85a0}> (0x0000000707bf85a0) thrown at [t:/workspace/hotspot/src/share/vm/prims/jvm.cpp, line 1310]
Event: 0.715 Thread 0x0000022a63eb6800 Exception <a 'java/security/PrivilegedActionException'{0x0000000707bf87b0}> (0x0000000707bf87b0) thrown at [t:/workspace/hotspot/src/share/vm/prims/jvm.cpp, line 1310]
Event: 0.715 Thread 0x0000022a63eb6800 Exception <a 'java/security/PrivilegedActionException'{0x0000000707bf91d8}> (0x0000000707bf91d8) thrown at [t:/workspace/hotspot/src/share/vm/prims/jvm.cpp, line 1310]
Event: 0.715 Thread 0x0000022a63eb6800 Exception <a 'java/security/PrivilegedActionException'{0x0000000707bf93e8}> (0x0000000707bf93e8) thrown at [t:/workspace/hotspot/src/share/vm/prims/jvm.cpp, line 1310]
Event: 0.715 Thread 0x0000022a63eb6800 Exception <a 'java/security/PrivilegedActionException'{0x0000000707bf9e78}> (0x0000000707bf9e78) thrown at [t:/workspace/hotspot/src/share/vm/prims/jvm.cpp, line 1310]
Event: 0.715 Thread 0x0000022a63eb6800 Exception <a 'java/security/PrivilegedActionException'{0x0000000707bfa088}> (0x0000000707bfa088) thrown at [t:/workspace/hotspot/src/share/vm/prims/jvm.cpp, line 1310]

Events (10 events):
Event: 0.925 loading class java/lang/ClassValue$Identity
Event: 0.925 loading class java/lang/ClassValue$Identity done
Event: 0.925 loading class java/lang/ClassValue$Version
Event: 0.925 loading class java/lang/ClassValue$Version done
Event: 0.925 loading class java/lang/invoke/StringConcatFactory$Stringifiers$StringifierAny
Event: 0.925 loading class java/lang/invoke/StringConcatFactory$Stringifiers$StringifierAny done
Event: 0.928 loading class java/lang/invoke/BoundMethodHandle$Species_L5
Event: 0.928 loading class java/lang/invoke/BoundMethodHandle$Species_L5 done
Event: 0.930 loading class java/lang/invoke/BoundMethodHandle$Species_L6
Event: 0.930 loading class java/lang/invoke/BoundMethodHandle$Species_L6 done


Dynamic libraries:
0x00007ff7fee20000 - 0x00007ff7fee50000 	C:\Xilinx\Vivado\2018.3\bin\unwrapped\win64.o\vivado.exe
0x00007ffadeeb0000 - 0x00007ffadf09d000 	C:\WINDOWS\SYSTEM32\ntdll.dll
0x00007ffadc820000 - 0x00007ffadc8d3000 	C:\WINDOWS\System32\KERNEL32.DLL
0x00007ffadb0c0000 - 0x00007ffadb353000 	C:\WINDOWS\System32\KERNELBASE.dll
0x00007ffadbf00000 - 0x00007ffadbffa000 	C:\WINDOWS\System32\ucrtbase.dll
0x00007ffac0cd0000 - 0x00007ffac0d77000 	C:\WINDOWS\SYSTEM32\MSVCP140.dll
0x00007ffac0cb0000 - 0x00007ffac0cc6000 	C:\WINDOWS\SYSTEM32\VCRUNTIME140.dll
0x00007ffad4c30000 - 0x00007ffad4c44000 	C:\Xilinx\Vivado\2018.3\lib\win64.o\libboost_signals.dll
0x00007ffad19e0000 - 0x00007ffad19f4000 	C:\Xilinx\Vivado\2018.3\lib\win64.o\librdi_commonmain.dll
0x00007ffa78180000 - 0x00007ffa79014000 	C:\Xilinx\Vivado\2018.3\lib\win64.o\librdi_common.dll
0x00007ffadd230000 - 0x00007ffadd3c7000 	C:\WINDOWS\System32\USER32.dll
0x00007ffadb0a0000 - 0x00007ffadb0c0000 	C:\WINDOWS\System32\win32u.dll
0x00007ffad4c20000 - 0x00007ffad4c2a000 	C:\Xilinx\Vivado\2018.3\lib\win64.o\librdi_commonversion.dll
0x00007ffaac9d0000 - 0x00007ffaac9f6000 	C:\Xilinx\Vivado\2018.3\lib\win64.o\libboost_filesystem.dll
0x00007ffadd040000 - 0x00007ffadd069000 	C:\WINDOWS\System32\GDI32.dll
0x00007ffa79020000 - 0x00007ffa79141000 	C:\Xilinx\Vivado\2018.3\lib\win64.o\librdi_commonxillic.dll
0x00007ffadc280000 - 0x00007ffadc323000 	C:\WINDOWS\System32\ADVAPI32.dll
0x00007ffadbab0000 - 0x00007ffadbc49000 	C:\WINDOWS\System32\gdi32full.dll
0x00007ffadcfa0000 - 0x00007ffadd03e000 	C:\WINDOWS\System32\msvcrt.dll
0x00007ffadc030000 - 0x00007ffadc0d0000 	C:\WINDOWS\System32\msvcp_win.dll
0x0000000051350000 - 0x000000005147b000 	C:\Xilinx\Vivado\2018.3\lib\win64.o\tcl85t.dll
0x00007ffadc1e0000 - 0x00007ffadc27e000 	C:\WINDOWS\System32\sechost.dll
0x00007ffadea80000 - 0x00007ffadeaed000 	C:\WINDOWS\System32\WS2_32.dll
0x00007ffadd500000 - 0x00007ffade9f4000 	C:\WINDOWS\System32\SHELL32.dll
0x00007ffadc690000 - 0x00007ffadc7b2000 	C:\WINDOWS\System32\RPCRT4.dll
0x00007ffa77a30000 - 0x00007ffa77d9e000 	C:\Xilinx\Vivado\2018.3\lib\win64.o\libCOIN-all.dll
0x00007ffadbe30000 - 0x00007ffadbe7a000 	C:\WINDOWS\System32\cfgmgr32.dll
0x00007ffa77ec0000 - 0x00007ffa78175000 	C:\Xilinx\Vivado\2018.3\lib\win64.o\libXil_lmgr11.dll
0x00007ffadd3d0000 - 0x00007ffadd478000 	C:\WINDOWS\System32\shcore.dll
0x00007ffab5d70000 - 0x00007ffab5d84000 	C:\Xilinx\Vivado\2018.3\lib\win64.o\libboost_date_time.dll
0x00007ffadebc0000 - 0x00007ffadece7000 	C:\WINDOWS\System32\COMDLG32.dll
0x00007ffadc330000 - 0x00007ffadc65c000 	C:\WINDOWS\System32\combase.dll
0x00007ffa8d900000 - 0x00007ffa8d97f000 	C:\Xilinx\Vivado\2018.3\lib\win64.o\libboost_program_options.dll
0x00007ffadb020000 - 0x00007ffadb09e000 	C:\WINDOWS\System32\bcryptPrimitives.dll
0x00007ffadeaf0000 - 0x00007ffadeb42000 	C:\WINDOWS\System32\SHLWAPI.dll
0x00007ffadb360000 - 0x00007ffadbaad000 	C:\WINDOWS\System32\windows.storage.dll
0x00007ffa77da0000 - 0x00007ffa77eb4000 	C:\Xilinx\Vivado\2018.3\lib\win64.o\libboost_regex.dll
0x00007ffad1470000 - 0x00007ffad147b000 	C:\Xilinx\Vivado\2018.3\lib\win64.o\libboost_system.dll
0x00007ffadaf20000 - 0x00007ffadaf44000 	C:\WINDOWS\System32\profapi.dll
0x00007ffadcd60000 - 0x00007ffadce24000 	C:\WINDOWS\System32\OLEAUT32.dll
0x00007ffaa76e0000 - 0x00007ffaa7701000 	C:\Xilinx\Vivado\2018.3\lib\win64.o\libboost_thread.dll
0x00007ffadaec0000 - 0x00007ffadaf1d000 	C:\WINDOWS\System32\powrprof.dll
0x00007ffaded10000 - 0x00007ffadee65000 	C:\WINDOWS\System32\ole32.dll
0x00007ffadaea0000 - 0x00007ffadaeb1000 	C:\WINDOWS\System32\kernel.appcore.dll
0x00007ffad1460000 - 0x00007ffad146f000 	C:\Xilinx\Vivado\2018.3\lib\win64.o\libboost_xilinx.dll
0x00007ffadbee0000 - 0x00007ffadbef7000 	C:\WINDOWS\System32\cryptsp.dll
0x00007ffa81620000 - 0x00007ffa816a2000 	C:\Xilinx\Vivado\2018.3\lib\win64.o\libhdlpsolve.dll
0x00007ffadbe80000 - 0x00007ffadbed9000 	C:\WINDOWS\System32\WINTRUST.dll
0x00007ffa77980000 - 0x00007ffa77a25000 	C:\Xilinx\Vivado\2018.3\lib\win64.o\libhdxml.dll
0x00007ffadaf50000 - 0x00007ffadaf62000 	C:\WINDOWS\System32\MSASN1.dll
0x00007ffadbc50000 - 0x00007ffadbe2b000 	C:\WINDOWS\System32\CRYPT32.dll
0x00007ffaa6270000 - 0x00007ffaa629e000 	C:\Xilinx\Vivado\2018.3\lib\win64.o\libisl_sysinfo.dll
0x00007ffa76290000 - 0x00007ffa76ade600 	C:\Xilinx\Vivado\2018.3\lib\win64.o\libisl_iostreams.dll
0x00007ffa8c140000 - 0x00007ffa8c1a5000 	C:\Xilinx\Vivado\2018.3\lib\win64.o\liblmx6.0.dll
0x00007ffab5b30000 - 0x00007ffab5b4a000 	C:\Xilinx\Vivado\2018.3\lib\win64.o\pthreadVC2.dll
0x00007ffaa4260000 - 0x00007ffaa427c000 	C:\Xilinx\Vivado\2018.3\lib\win64.o\librdiconfig.dll
0x00007ffa9e4a0000 - 0x00007ffa9e4c1000 	C:\Xilinx\Vivado\2018.3\lib\win64.o\librdizlib.dll
0x0000000012000000 - 0x0000000012272000 	C:\Xilinx\Vivado\2018.3\lib\win64.o\xerces-c_3_1.dll
0x00007ffabe910000 - 0x00007ffabe927000 	C:\WINDOWS\SYSTEM32\NETAPI32.dll
0x00007ffac07c0000 - 0x00007ffac0ca1000 	C:\WINDOWS\SYSTEM32\WININET.dll
0x00007ffad51a0000 - 0x00007ffad5292000 	C:\WINDOWS\SYSTEM32\WINHTTP.dll
0x00007ffac9730000 - 0x00007ffac9907000 	C:\WINDOWS\SYSTEM32\urlmon.dll
0x00007ffaacba0000 - 0x00007ffaacba9000 	C:\WINDOWS\SYSTEM32\WSOCK32.dll
0x00007ffac93d0000 - 0x00007ffac9479000 	C:\WINDOWS\WinSxS\amd64_microsoft.windows.common-controls_6595b64144ccf1df_5.82.17763.864_none_10e4f916642dbda1\COMCTL32.dll
0x00007ffaae6b0000 - 0x00007ffaae6bd000 	C:\Xilinx\Vivado\2018.3\lib\win64.o\libboost_chrono.dll
0x00007ffad0510000 - 0x00007ffad052c000 	C:\WINDOWS\SYSTEM32\dhcpcsvc.DLL
0x00007ffadee70000 - 0x00007ffadee78000 	C:\WINDOWS\System32\NSI.dll
0x00007ffa8d8d0000 - 0x00007ffa8d8f8000 	C:\WINDOWS\SYSTEM32\VCOMP140.DLL
0x00007ffa76ae0000 - 0x00007ffa77971000 	C:\Xilinx\Vivado\2018.3\lib\win64.o\gurobi65.dll
0x00007ffa82610000 - 0x00007ffa8262b000 	C:\Xilinx\Vivado\2018.3\lib\win64.o\libboost_iostreams.dll
0x00007ffa89570000 - 0x00007ffa89595000 	C:\Xilinx\Vivado\2018.3\lib\win64.o\libisl_iosutils.dll
0x00007ffac9480000 - 0x00007ffac9728000 	C:\WINDOWS\SYSTEM32\iertutil.dll
0x00007ffada8e0000 - 0x00007ffada8ec000 	C:\WINDOWS\SYSTEM32\CRYPTBASE.DLL
0x00007ffada540000 - 0x00007ffada54e000 	C:\WINDOWS\SYSTEM32\NETUTILS.DLL
0x00007ffadc660000 - 0x00007ffadc68e000 	C:\WINDOWS\System32\IMM32.DLL
0x00007ffa75d90000 - 0x00007ffa76285000 	C:\Xilinx\Vivado\2018.3\lib\win64.o\librdi_commontasks.dll
0x00007ffad0490000 - 0x00007ffad049a000 	C:\WINDOWS\SYSTEM32\VERSION.dll
0x00007ffa75b10000 - 0x00007ffa75d8f000 	C:\Xilinx\Vivado\2018.3\lib\win64.o\librdi_sio.dll
0x0000000050920000 - 0x0000000051345000 	C:\Xilinx\Vivado\2018.3\tps\win64\jre9.0.4\bin\server\jvm.dll
0x00007ffadebb0000 - 0x00007ffadebb8000 	C:\WINDOWS\System32\PSAPI.DLL
0x00007ffada430000 - 0x00007ffada46d000 	C:\WINDOWS\SYSTEM32\IPHLPAPI.DLL
0x00007ffac76d0000 - 0x00007ffac76f4000 	C:\WINDOWS\SYSTEM32\WINMM.dll
0x00007ffa75a20000 - 0x00007ffa75b0f000 	C:\WINDOWS\SYSTEM32\MSVCR120.dll
0x00007ffac76a0000 - 0x00007ffac76cd000 	C:\WINDOWS\SYSTEM32\WINMMBASE.dll
0x00007ffada710000 - 0x00007ffada777000 	C:\WINDOWS\SYSTEM32\MSWSOCK.DLL
0x00007ffa73650000 - 0x00007ffa75a12000 	C:\Xilinx\Vivado\2018.3\lib\win64.o\librdi_tcltasks.dll
0x00007ffa73200000 - 0x00007ffa735dc000 	C:\Xilinx\Vivado\2018.3\lib\win64.o\librdi_bitstream.dll
0x00007ffa72fa0000 - 0x00007ffa7311e000 	C:\Xilinx\Vivado\2018.3\lib\win64.o\librdi_board.dll
0x00007ffa73120000 - 0x00007ffa731fc000 	C:\Xilinx\Vivado\2018.3\lib\win64.o\librdi_chipscope.dll
0x00007ffa735e0000 - 0x00007ffa7364a000 	C:\Xilinx\Vivado\2018.3\lib\win64.o\librdi_boarddep.dll
0x00007ffa72de0000 - 0x00007ffa72f99000 	C:\Xilinx\Vivado\2018.3\lib\win64.o\librdi_chipscopeimpl.dll
0x00007ffa71380000 - 0x00007ffa72c85000 	C:\Xilinx\Vivado\2018.3\lib\win64.o\librdi_constraints.dll
0x00007ffa72c90000 - 0x00007ffa72dd8000 	C:\Xilinx\Vivado\2018.3\lib\win64.o\librdi_containers.dll
0x00007ffa6f560000 - 0x00007ffa7137f000 	C:\Xilinx\Vivado\2018.3\lib\win64.o\librdi_coregen.dll
0x00007ffa6ee80000 - 0x00007ffa6f55a000 	C:\Xilinx\Vivado\2018.3\lib\win64.o\librdi_coregenipxact.dll
0x00007ffa6b080000 - 0x00007ffa6ee7b000 	C:\Xilinx\Vivado\2018.3\lib\win64.o\librdi_designutils.dll
0x00007ffa5a320000 - 0x00007ffa6b072000 	C:\Xilinx\Vivado\2018.3\lib\win64.o\librdi_device.dll
0x00007ffa59aa0000 - 0x00007ffa59dbb000 	C:\Xilinx\Vivado\2018.3\lib\win64.o\librdi_dlyest.dll
0x00007ffa59dc0000 - 0x00007ffa5a320000 	C:\Xilinx\Vivado\2018.3\lib\win64.o\librdi_drc.dll
0x00007ffa599d0000 - 0x00007ffa59a92000 	C:\Xilinx\Vivado\2018.3\lib\win64.o\librdi_dsp.dll
0x00007ffa59050000 - 0x00007ffa5968f000 	C:\Xilinx\Vivado\2018.3\lib\win64.o\librdi_filemgmt.dll
0x00007ffa59690000 - 0x00007ffa5996a000 	C:\Xilinx\Vivado\2018.3\lib\win64.o\librdi_guitools.dll
0x00007ffa59970000 - 0x00007ffa599cd000 	C:\Xilinx\Vivado\2018.3\lib\win64.o\librdi_hdf.dll
0x00007ffa57c30000 - 0x00007ffa58fc1000 	C:\Xilinx\Vivado\2018.3\lib\win64.o\librdi_implflow.dll
0x00007ffa57610000 - 0x00007ffa57c25000 	C:\Xilinx\Vivado\2018.3\lib\win64.o\librdi_memdata.dll
0x00007ffa58fd0000 - 0x00007ffa59041000 	C:\Xilinx\Vivado\2018.3\lib\win64.o\librdi_memoryarray.dll
0x00007ffa53c60000 - 0x00007ffa5760c000 	C:\Xilinx\Vivado\2018.3\lib\win64.o\librdi_mig.dll
0x00007ffa53620000 - 0x00007ffa53c5b000 	C:\Xilinx\Vivado\2018.3\lib\win64.o\librdi_netlist.dll
0x00007ffa815d0000 - 0x00007ffa81620000 	C:\Xilinx\Vivado\2018.3\lib\win64.o\librdi_pfi.dll
0x00007ffa51100000 - 0x00007ffa53614000 	C:\Xilinx\Vivado\2018.3\lib\win64.o\librdi_place.dll
0x00007ffa50df0000 - 0x00007ffa510f7000 	C:\Xilinx\Vivado\2018.3\lib\win64.o\librdi_platform.dll
0x00007ffa506f0000 - 0x00007ffa50de5000 	C:\Xilinx\Vivado\2018.3\lib\win64.o\librdi_power.dll
0x00007ffa50190000 - 0x00007ffa506e6000 	C:\Xilinx\Vivado\2018.3\lib\win64.o\librdi_project.dll
0x00007ffa4fa90000 - 0x00007ffa50183000 	C:\Xilinx\Vivado\2018.3\lib\win64.o\librdi_psta.dll
0x00007ffa4efd0000 - 0x00007ffa4f6a9000 	C:\Xilinx\Vivado\2018.3\lib\win64.o\librdi_rsb.dll
0x00007ffa4f6b0000 - 0x00007ffa4fa87000 	C:\Xilinx\Vivado\2018.3\lib\win64.o\librdi_runs.dll
0x00007ffa4eef0000 - 0x00007ffa4efc8000 	C:\Xilinx\Vivado\2018.3\lib\win64.o\librdi_runsbase.dll
0x00007ffa4eb60000 - 0x00007ffa4ed88000 	C:\Xilinx\Vivado\2018.3\lib\win64.o\librdi_simdata.dll
0x00007ffa4ddd0000 - 0x00007ffa4eb5d000 	C:\Xilinx\Vivado\2018.3\lib\win64.o\librdi_timing.dll
0x00007ffa4ed90000 - 0x00007ffa4eee4000 	C:\Xilinx\Vivado\2018.3\lib\win64.o\librdi_advchipscopeimpl.dll
0x00007ffa4dd80000 - 0x00007ffa4ddcc000 	C:\Xilinx\Vivado\2018.3\lib\win64.o\libboost_serialization.dll
0x00007ffa4dcc0000 - 0x00007ffa4dd78000 	C:\Xilinx\Vivado\2018.3\lib\win64.o\librdi_hip_devdesign.dll
0x00007ffa4dbd0000 - 0x00007ffa4dc7b000 	C:\Xilinx\Vivado\2018.3\lib\win64.o\librdi_ipconfig_readwrite.dll
0x00007ffa4dc80000 - 0x00007ffa4dcb8000 	C:\Xilinx\Vivado\2018.3\lib\win64.o\librdi_noc_frameworks.dll
0x00007ffa4c770000 - 0x00007ffa4d2b7000 	C:\Xilinx\Vivado\2018.3\lib\win64.o\libverific.dll
0x00007ffa4d2c0000 - 0x00007ffa4d675000 	C:\Xilinx\Vivado\2018.3\lib\win64.o\librdi_hip_config.dll
0x00007ffa4d680000 - 0x00007ffa4dbce000 	C:\Xilinx\Vivado\2018.3\lib\win64.o\librdi_xdm.dll
0x00007ffa4c610000 - 0x00007ffa4c6ae000 	C:\Xilinx\Vivado\2018.3\lib\win64.o\libise.dll

VM Arguments:
jvm_args: -Dsun.java2d.pmoffscreen=false -Dsun.java2d.xrender=false -Dsun.java2d.d3d=false -Dsun.awt.nopixfmt=true -Dsun.java2d.dpiaware=true -Dsun.java2d.uiScale.enabled=false -Xverify:none -Dswing.aatext=true -XX:-UsePerfData -Djdk.map.althashing.threshold=512 -XX:StringTableSize=4072 --add-opens=java.base/java.nio=ALL-UNNAMED --add-opens=java.desktop/sun.swing=ALL-UNNAMED --add-opens=java.desktop/javax.swing=ALL-UNNAMED --add-opens=java.desktop/javax.swing.tree=ALL-UNNAMED --add-opens=java.desktop/javax.swing.plaf.basic=ALL-UNNAMED --add-opens=java.desktop/javax.swing.plaf.synth=ALL-UNNAMED --add-opens=java.desktop/com.sun.awt=ALL-UNNAMED -XX:NewSize=60m -XX:MaxNewSize=60m -Xms128m -Xmx3072m -Xss5m 
java_command: <unknown>
java_class_path (initial): C:/Xilinx/Vivado/2018.3\lib\classes\alloy.jar;C:/Xilinx/Vivado/2018.3\lib\classes\autopilot.scelaborator.jar;C:/Xilinx/Vivado/2018.3\lib\classes\autopilot.sourceprocessor.jar;C:/Xilinx/Vivado/2018.3\lib\classes\autopilot.tbprocessor.jar;C:/Xilinx/Vivado/2018.3\lib\classes\batik-anim.jar;C:/Xilinx/Vivado/2018.3\lib\classes\batik-awt-util.jar;C:/Xilinx/Vivado/2018.3\lib\classes\batik-bridge.jar;C:/Xilinx/Vivado/2018.3\lib\classes\batik-codec.jar;C:/Xilinx/Vivado/2018.3\lib\classes\batik-css.jar;C:/Xilinx/Vivado/2018.3\lib\classes\batik-dom.jar;C:/Xilinx/Vivado/2018.3\lib\classes\batik-ext.jar;C:/Xilinx/Vivado/2018.3\lib\classes\batik-gui-util.jar;C:/Xilinx/Vivado/2018.3\lib\classes\batik-gvt.jar;C:/Xilinx/Vivado/2018.3\lib\classes\batik-parser.jar;C:/Xilinx/Vivado/2018.3\lib\classes\batik-script.jar;C:/Xilinx/Vivado/2018.3\lib\classes\batik-svg-dom.jar;C:/Xilinx/Vivado/2018.3\lib\classes\batik-swing.jar;C:/Xilinx/Vivado/2018.3\lib\classes\batik-transcoder.jar;C:/Xilinx/Vivado/2018.3\lib\classes\batik-util.jar;C:/Xilinx/Vivado/2018.3\lib\classes\batik-xml.jar;C:/Xilinx/Vivado/2018.3\lib\classes\com.ibm.icu_4.4.2.v20110208.jar;C:/Xilinx/Vivado/2018.3\lib\classes\commons-collections4-4.1.jar;C:/Xilinx/Vivado/2018.3\lib\classes\commons-math-2.2.jar;C:/Xilinx/Vivado/2018.3\lib\classes\dom4j-1.6.1.jar;C:/Xilinx/Vivado/2018.3\lib\classes\guava-18.0.jar;C:/Xilinx/Vivado/2018.3\lib\classes\help.jar;C:/Xilinx/Vivado/2018.3\lib\classes\hsqldb.jar;C:/Xilinx/Vivado/2018.3\lib\classes\jargs.jar;C:/Xilinx/Vivado/2018.3\lib\classes\jaxb-api-2.3.0.jar;C:/Xilinx/Vivado/2018.3\lib\classes\jh.jar;C:/Xilinx/Vivado/2018.3\lib\classes\jide-action.jar;C:/Xilinx/Vivado/2018.3\lib\classes\jide-charts.jar;C:/Xilinx/Vivado/2018.3\lib\classes\jide-common.jar;C:/Xilinx/Vivado/2018.3\lib\classes\jide-components.jar;C:/Xilinx/Vivado/2018.3\lib\classes\jide-dashboard.jar;C:/Xilinx/Vivado/2018.3\lib\classes\jide-data.jar;C:/Xilinx/Vivado/2018.3\lib\classes\jide-dialogs.jar
Launcher Type: generic

Logging:
Log output configuration:
#0: stdout all=warning uptime,level,tags
#1: stderr all=off uptime,level,tags

Environment Variables:
PATH=C:/Xilinx/Vivado/2018.3/bin;C:/Xilinx/Vivado/2018.3/lib/win64.o;C:/Xilinx/Vivado/2018.3/tps/win64/jre9.0.4/bin/server;C:/Xilinx/Vivado/2018.3/tps/win64/jre9.0.4/bin;C:/Xilinx/SDK/2018.3/bin;C:/Xilinx/Vivado/2018.3/ids_lite/ISE/bin/nt64;C:/Xilinx/Vivado/2018.3/ids_lite/ISE/lib/nt64;C:\Program Files (x86)\Common Files\Oracle\Java\javapath;C:\Windows\system32;C:\Windows;C:\Windows\System32\Wbem;C:\Windows\System32\WindowsPowerShell\v1.0\;C:\Windows\System32\OpenSSH\;C:\Program Files (x86)\NVIDIA Corporation\PhysX\Common;C:\Program Files\MATLAB\R2018b\bin;C:\Program Files\NVIDIA Corporation\NVIDIA NvDLISR;C:\Program Files (x86)\Intel\Intel(R) Management Engine Components\DAL;C:\Program Files\Intel\Intel(R) Management Engine Components\DAL;;C:\Users\Damiano\AppData\Local\Microsoft\WindowsApps;C:\Users\Damiano\AppData\Local\GitHubDesktop\bin;C:/Xilinx/Vivado/2018.3\tps\mingw\6.2.0\win64.o\nt\bin;C:/Xilinx/Vivado/2018.3\tps\mingw\6.2.0\win64.o\nt\libexec\gcc\x86_64-w64-mingw32\6.2.0
USERNAME=Damiano
OS=Windows_NT
PROCESSOR_IDENTIFIER=Intel64 Family 6 Model 158 Stepping 10, GenuineIntel



---------------  S Y S T E M  ---------------

OS: Windows 10 , 64 bit Build 17763 (10.0.17763.475)

CPU:total 12 (initial active 12) (6 cores per cpu, 2 threads per core) family 6 model 158 stepping 10, cmov, cx8, fxsr, mmx, sse, sse2, sse3, ssse3, sse4.1, sse4.2, popcnt, avx, avx2, aes, clmul, erms, 3dnowpref, lzcnt, ht, tsc, tscinvbit, bmi1, bmi2, adx, fma

Memory: 4k page, physical 8140052k(1116040k free), swap 10237204k(516k free)

vm_info: Java HotSpot(TM) 64-Bit Server VM (9.0.4+11) for windows-amd64 JRE (9.0.4+11), built on Dec 20 2017 02:18:54 by "mach5one" with MS VC++ 12.0 (VS2013)

END.
