#
# There is insufficient memory for the Java Runtime Environment to continue.
# Native memory allocation (mmap) failed to map 78643200 bytes for Failed to commit area from 0x0000000717300000 to 0x000000071be00000 of length 78643200.
# Possible reasons:
#   The system is out of physical RAM or swap space
#   The process is running with CompressedOops enabled, and the Java Heap may be blocking the growth of the native heap
# Possible solutions:
#   Reduce memory load on the system
#   Increase physical memory or swap space
#   Check if swap backing store is full
#   Decrease Java heap size (-Xmx/-Xms)
#   Decrease number of Java threads
#   Decrease Java thread stack sizes (-Xss)
#   Set larger code cache with -XX:ReservedCodeCacheSize=
#   JVM is running with Zero Based Compressed Oops mode in which the Java heap is
#     placed in the first 32GB address space. The Java Heap base address is the
#     maximum limit for the native heap growth. Please use -XX:HeapBaseMinAddress
#     to set the Java Heap base and to place the Java Heap above 32GB virtual address.
# This output file may be truncated or incomplete.
#
#  Out of Memory Error (t:/workspace/hotspot/src/os/windows/vm/os_windows.cpp:3357), pid=14144, tid=14324
#
# JRE version: Java(TM) SE Runtime Environment (9.0+11) (build 9.0.4+11)
# Java VM: Java HotSpot(TM) 64-Bit Server VM (9.0.4+11, mixed mode, tiered, compressed oops, g1 gc, windows-amd64)
# No core dump will be written. Minidumps are not enabled by default on client versions of Windows
#

---------------  S U M M A R Y ------------

Command Line: -Dsun.java2d.pmoffscreen=false -Dsun.java2d.xrender=false -Dsun.java2d.d3d=false -Dsun.awt.nopixfmt=true -Dsun.java2d.dpiaware=true -Dsun.java2d.uiScale.enabled=false -Xverify:none -Dswing.aatext=true -XX:-UsePerfData -Djdk.map.althashing.threshold=512 -XX:StringTableSize=4072 --add-opens=java.base/java.nio=ALL-UNNAMED --add-opens=java.desktop/sun.swing=ALL-UNNAMED --add-opens=java.desktop/javax.swing=ALL-UNNAMED --add-opens=java.desktop/javax.swing.tree=ALL-UNNAMED --add-opens=java.desktop/javax.swing.plaf.basic=ALL-UNNAMED --add-opens=java.desktop/javax.swing.plaf.synth=ALL-UNNAMED --add-opens=java.desktop/com.sun.awt=ALL-UNNAMED -XX:NewSize=60m -XX:MaxNewSize=60m -Xms128m -Xmx3072m -Xss5m 

Host: Intel(R) Core(TM) i7-8750H CPU @ 2.20GHz, 12 cores, 7G,  Windows 10 , 64 bit Build 17763 (10.0.17763.475)
Time: Wed Dec 04 22:48:54 2019 W. Europe Standard Time elapsed time: 2293 seconds (0d 0h 38m 13s)

---------------  T H R E A D  ---------------

Current thread (0x0000022b771ef800):  VMThread "VM Thread" [stack: 0x000000449ec00000,0x000000449ed00000] [id=14324]

Stack: [0x000000449ec00000,0x000000449ed00000]
[error occurred during error reporting (printing stack bounds), id 0xe0000002]

Native frames: (J=compiled Java code, j=interpreted, Vv=VM code, C=native code)
V  [jvm.dll+0x587068]
V  [jvm.dll+0x69c25e]
V  [jvm.dll+0x69d17a]
V  [jvm.dll+0x69cd05]
V  [jvm.dll+0x69d71b]
V  [jvm.dll+0x5868c6]
V  [jvm.dll+0x586c98]
C  [ntdll.dll+0xa477f]
C  [ntdll.dll+0x4bef]
C  [ntdll.dll+0xa34ee]
C  0x0000022b00000e2a

VM_Operation (0x00000044a3cf9260): G1IncCollectionPause, mode: safepoint, requested by thread 0x0000022b76d13000


---------------  P R O C E S S  ---------------

Java Threads: ( => current thread )
  0x0000022b1ce02800 JavaThread "Image Fetcher 0" daemon [_thread_blocked, id=8760, stack(0x00000044aa000000,0x00000044aa500000)]
  0x0000022b81db6000 JavaThread "SyntheticaAnimation 50" daemon [_thread_blocked, id=12712, stack(0x00000044a8d00000,0x00000044a9200000)]
  0x0000022b81db3800 JavaThread "Swing-Shell" daemon [_thread_blocked, id=5500, stack(0x00000044a6f00000,0x00000044a7400000)]
  0x0000022b76d14800 JavaThread "Image Animator 0" daemon [_thread_blocked, id=2000, stack(0x00000044a8800000,0x00000044a8d00000)]
  0x0000022b1ce06000 JavaThread "Monitor File Timestamp Swing Worker" [_thread_blocked, id=15412, stack(0x00000044a7e00000,0x00000044a8300000)]
  0x0000022b1ce05800 JavaThread "Timer-0" [_thread_blocked, id=11040, stack(0x00000044a7400000,0x00000044a7900000)]
  0x0000022b1cdfc800 JavaThread "SyntheticaAnimation 50" daemon [_thread_blocked, id=8184, stack(0x00000044a6a00000,0x00000044a6f00000)]
  0x0000022b1ce01800 JavaThread "hw_ila_monitor" [_thread_blocked, id=12228, stack(0x00000044a6500000,0x00000044a6a00000)]
  0x0000022b1cdfb000 JavaThread "Update Runs Swing Worker" [_thread_blocked, id=13476, stack(0x00000044a6000000,0x00000044a6500000)]
  0x0000022b1cdfa000 JavaThread "Refresh Filesets Swing Worker" [_thread_blocked, id=6112, stack(0x00000044a5100000,0x00000044a5600000)]
  0x0000022b1cdff800 JavaThread "SyntheticaAnimation 70" daemon [_thread_blocked, id=9008, stack(0x00000044a5b00000,0x00000044a6000000)]
  0x0000022b76d17800 JavaThread "SyntheticaAnimation 25" daemon [_thread_blocked, id=9012, stack(0x00000044a4c00000,0x00000044a5100000)]
  0x0000022b76d19000 JavaThread "SyntheticaAnimation 50" daemon [_thread_blocked, id=14680, stack(0x00000044a4700000,0x00000044a4c00000)]
  0x0000022b76d17000 JavaThread "Monitor HEventQueue" [_thread_blocked, id=14676, stack(0x00000044a3d00000,0x00000044a4200000)]
  0x0000022b76d15800 JavaThread "Batik CleanerThread" daemon [_thread_blocked, id=14452, stack(0x00000044a4200000,0x00000044a4700000)]
  0x0000022b76d14000 JavaThread "SyntheticaCleanerThread" daemon [_thread_blocked, id=14424, stack(0x00000044a1a00000,0x00000044a1f00000)]
  0x0000022b76d13000 JavaThread "AWT-EventQueue-1" [_thread_blocked, id=13428, stack(0x00000044a3800000,0x00000044a3d00000)]
  0x0000022b76d18800 JavaThread "AWT-Shutdown" [_thread_blocked, id=13424, stack(0x00000044a3300000,0x00000044a3800000)]
  0x0000022b1cef0000 JavaThread "Process Messages" [_thread_blocked, id=13412, stack(0x00000044a2e00000,0x00000044a3300000)]
  0x0000022b1b368000 JavaThread "Thread-1" [_thread_in_native, id=14176, stack(0x000000449bc00000,0x000000449d000000)]
  0x0000022b1ab7b800 JavaThread "TimerQueue" daemon [_thread_blocked, id=13464, stack(0x00000044a2400000,0x00000044a2900000)]
  0x0000022b1a7ef800 JavaThread "AWT-Windows" daemon [_thread_blocked, id=13332, stack(0x00000044a1f00000,0x00000044a2400000)]
  0x0000022b1a74c800 JavaThread "Java2D Disposer" daemon [_thread_blocked, id=1592, stack(0x00000044a1500000,0x00000044a1a00000)]
  0x0000022b78778000 JavaThread "Service Thread" daemon [_thread_blocked, id=13436, stack(0x00000044a0f00000,0x00000044a1400000)]
  0x0000022b77043800 JavaThread "Common-Cleaner" daemon [_thread_blocked, id=13440, stack(0x00000044a0a00000,0x00000044a0f00000)]
  0x0000022b76d16000 JavaThread "Sweeper thread" daemon [_thread_blocked, id=13376, stack(0x00000044a0500000,0x00000044a0a00000)]
  0x0000022b785fa800 JavaThread "C1 CompilerThread3" daemon [_thread_blocked, id=13372, stack(0x00000044a0400000,0x00000044a0500000)]
  0x0000022b785f6000 JavaThread "C2 CompilerThread2" daemon [_thread_blocked, id=13360, stack(0x00000044a0300000,0x00000044a0400000)]
  0x0000022b785f5000 JavaThread "C2 CompilerThread1" daemon [_thread_blocked, id=13364, stack(0x00000044a0200000,0x00000044a0300000)]
  0x0000022b785e3800 JavaThread "C2 CompilerThread0" daemon [_thread_blocked, id=13368, stack(0x00000044a0100000,0x00000044a0200000)]
  0x0000022b785e3000 JavaThread "Attach Listener" daemon [_thread_blocked, id=13444, stack(0x000000449fc00000,0x00000044a0100000)]
  0x0000022b785e2000 JavaThread "Signal Dispatcher" daemon [_thread_blocked, id=13388, stack(0x000000449f700000,0x000000449fc00000)]
  0x0000022b785df800 JavaThread "Finalizer" daemon [_thread_blocked, id=14332, stack(0x000000449f200000,0x000000449f700000)]
  0x0000022b771f0800 JavaThread "Reference Handler" daemon [_thread_blocked, id=14328, stack(0x000000449ed00000,0x000000449f200000)]
  0x0000022b7751d000 JavaThread "main" [_thread_blocked, id=14220, stack(0x000000449d200000,0x000000449d300000)]

Other Threads:
=>0x0000022b771ef800 VMThread "VM Thread" [stack: 0x000000449ec00000,0x000000449ed00000] [id=14324]
  0x0000022b78791000 WatcherThread [stack: 0x00000044a1400000,0x00000044a1500000] [id=13452]
  0x0000022b7673a000 GCTaskThread "GC Thread#0" [stack: 0x000000449d300000,0x000000449d400000] [id=14224]
  0x0000022b74ae4800 GCTaskThread "GC Thread#1" [stack: 0x000000449d400000,0x000000449d500000] [id=14228]
  0x0000022b74ae5000 GCTaskThread "GC Thread#2" [stack: 0x000000449d500000,0x000000449d600000] [id=14232]
  0x0000022b75d99800 GCTaskThread "GC Thread#3" [stack: 0x000000449d600000,0x000000449d700000] [id=14236]
  0x0000022b75d9a000 GCTaskThread "GC Thread#4" [stack: 0x000000449d700000,0x000000449d800000] [id=14240]
  0x0000022b75e49800 GCTaskThread "GC Thread#5" [stack: 0x000000449d800000,0x000000449d900000] [id=14244]
  0x0000022b75d06800 GCTaskThread "GC Thread#6" [stack: 0x000000449d900000,0x000000449da00000] [id=14248]
  0x0000022b76541000 GCTaskThread "GC Thread#7" [stack: 0x000000449da00000,0x000000449db00000] [id=14252]
  0x0000022b7513a000 GCTaskThread "GC Thread#8" [stack: 0x000000449db00000,0x000000449dc00000] [id=14256]
  0x0000022b75e46000 GCTaskThread "GC Thread#9" [stack: 0x000000449dc00000,0x000000449dd00000] [id=14260]
  0x0000022b773a0000 ConcurrentGCThread "G1 Main Marker" [stack: 0x000000449e800000,0x000000449e900000] [id=14308]
  0x0000022b773a0800 ConcurrentGCThread "G1 Marker#0" [stack: 0x000000449e900000,0x000000449ea00000] [id=14312]
  0x0000022b773a1800 ConcurrentGCThread "G1 Marker#1" [stack: 0x000000449ea00000,0x000000449eb00000] [id=14316]
  0x0000022b773a2000 ConcurrentGCThread "G1 Marker#2" [stack: 0x000000449eb00000,0x000000449ec00000] [id=14320]
  0x0000022b7497f000 ConcurrentGCThread "G1 Refine#0" [stack: 0x000000449e600000,0x000000449e700000] [id=14300]
  0x0000022b7497e800 ConcurrentGCThread "G1 Refine#1" [stack: 0x000000449e500000,0x000000449e600000] [id=14296]
  0x0000022b76be1000 ConcurrentGCThread "G1 Refine#2" [stack: 0x000000449e400000,0x000000449e500000] [id=14292]
  0x0000022b76bdf800 ConcurrentGCThread "G1 Refine#3" [stack: 0x000000449e300000,0x000000449e400000] [id=14288]
  0x0000022b76bdf000 ConcurrentGCThread "G1 Refine#4" [stack: 0x000000449e200000,0x000000449e300000] [id=14284]
  0x0000022b74c47800 ConcurrentGCThread "G1 Refine#5" [stack: 0x000000449e100000,0x000000449e200000] [id=14280]
  0x0000022b74c47000 ConcurrentGCThread "G1 Refine#6" [stack: 0x000000449e000000,0x000000449e100000] [id=14276]
  0x0000022b76597800 ConcurrentGCThread "G1 Refine#7" [stack: 0x000000449df00000,0x000000449e000000] [id=14272]
  0x0000022b76597000 ConcurrentGCThread "G1 Refine#8" [stack: 0x000000449de00000,0x000000449df00000] [id=14268]
  0x0000022b76596800 ConcurrentGCThread "G1 Refine#9" [stack: 0x000000449dd00000,0x000000449de00000] [id=14264]
  0x0000022b775dd800 ConcurrentGCThread "G1 Young RemSet Sampling" [stack: 0x000000449e700000,0x000000449e800000] [id=14304]

Threads with active compile tasks:

VM state:at safepoint (normal execution)

VM Mutex/Monitor currently owned by a thread:  ([mutex/lock_event])
[0x0000022b783e16a0] Threads_lock - owner thread: 0x0000022b771ef800
[0x0000022b783e0c80] Heap_lock - owner thread: 0x0000022b76d13000

Heap address: 0x0000000700000000, size: 3072 MB, Compressed Oops mode: Zero based, Oop shift amount: 3
Narrow klass base: 0x0000000000000000, Narrow klass shift: 3
Compressed class space size: 1073741824 Address: 0x00000007c0000000

Heap:
 garbage-first heap   total 456704K, used 129375K [0x0000000700000000, 0x0000000700100df0, 0x00000007c0000000)
  region size 1024K, 1 young (1024K), 1 survivors (1024K)
 Metaspace       used 99206K, capacity 106590K, committed 106752K, reserved 1140736K
  class space    used 14600K, capacity 15839K, committed 15872K, reserved 1048576K
Heap Regions: E=young(eden), S=young(survivor), O=old, HS=humongous(starts), HC=humongous(continues), CS=collection set, F=free, A=archive, TS=gc time stamp, AC=allocation context, TAMS=top-at-mark-start (previous, next)
|   0|0x0000000700000000, 0x00000007000fffe8, 0x0000000700100000| 99%| O|  |TS  0|AC  0|TAMS 0x00000007000fffe8, 0x00000007000fffe8|
|   1|0x0000000700100000, 0x0000000700200000, 0x0000000700200000|100%|HS|  |TS  0|AC  0|TAMS 0x0000000700200000, 0x0000000700200000|
|   2|0x0000000700200000, 0x0000000700300000, 0x0000000700300000|100%|HC|  |TS  0|AC  0|TAMS 0x0000000700300000, 0x0000000700300000|
|   3|0x0000000700300000, 0x0000000700400000, 0x0000000700400000|100%|HS|  |TS  0|AC  0|TAMS 0x0000000700400000, 0x0000000700400000|
|   4|0x0000000700400000, 0x00000007004fffe8, 0x0000000700500000| 99%| O|  |TS  0|AC  0|TAMS 0x00000007004fffe8, 0x00000007004fffe8|
|   5|0x0000000700500000, 0x00000007005ffff0, 0x0000000700600000| 99%| O|  |TS  0|AC  0|TAMS 0x00000007005ffff0, 0x00000007005ffff0|
|   6|0x0000000700600000, 0x00000007006ffff0, 0x0000000700700000| 99%| O|  |TS  0|AC  0|TAMS 0x00000007006ffff0, 0x00000007006ffff0|
|   7|0x0000000700700000, 0x00000007007ffab8, 0x0000000700800000| 99%| O|  |TS  0|AC  0|TAMS 0x00000007007ffab8, 0x00000007007ffab8|
|   8|0x0000000700800000, 0x00000007008fffd0, 0x0000000700900000| 99%| O|  |TS  0|AC  0|TAMS 0x00000007008fffd0, 0x00000007008fffd0|
|   9|0x0000000700900000, 0x00000007009d4990, 0x0000000700a00000| 83%| O|  |TS  0|AC  0|TAMS 0x00000007009d4990, 0x00000007009d4990|
|  10|0x0000000700a00000, 0x0000000700afcfe8, 0x0000000700b00000| 98%| O|  |TS  0|AC  0|TAMS 0x0000000700afcfe8, 0x0000000700afcfe8|
|  11|0x0000000700b00000, 0x0000000700bf4180, 0x0000000700c00000| 95%| O|  |TS  0|AC  0|TAMS 0x0000000700bf4180, 0x0000000700bf4180|
|  12|0x0000000700c00000, 0x0000000700cf75a8, 0x0000000700d00000| 96%| O|  |TS  0|AC  0|TAMS 0x0000000700cf75a8, 0x0000000700cf75a8|
|  13|0x0000000700d00000, 0x0000000700dffec8, 0x0000000700e00000| 99%| O|  |TS  0|AC  0|TAMS 0x0000000700dffec8, 0x0000000700dffec8|
|  14|0x0000000700e00000, 0x0000000700effff8, 0x0000000700f00000| 99%| O|  |TS  0|AC  0|TAMS 0x0000000700effff8, 0x0000000700effff8|
|  15|0x0000000700f00000, 0x0000000700ffffe0, 0x0000000701000000| 99%| O|  |TS  0|AC  0|TAMS 0x0000000700ffffe0, 0x0000000700ffffe0|
|  16|0x0000000701000000, 0x00000007010fffb0, 0x0000000701100000| 99%| O|  |TS  0|AC  0|TAMS 0x00000007010fffb0, 0x00000007010fffb0|
|  17|0x0000000701100000, 0x0000000701200000, 0x0000000701200000|100%| O|  |TS  0|AC  0|TAMS 0x0000000701200000, 0x0000000701200000|
|  18|0x0000000701200000, 0x00000007012fffb8, 0x0000000701300000| 99%| O|  |TS  0|AC  0|TAMS 0x00000007012fffb8, 0x00000007012fffb8|
|  19|0x0000000701300000, 0x00000007013fff10, 0x0000000701400000| 99%| O|  |TS  0|AC  0|TAMS 0x00000007013fff10, 0x00000007013fff10|
|  20|0x0000000701400000, 0x00000007014fffa8, 0x0000000701500000| 99%| O|  |TS  0|AC  0|TAMS 0x00000007014fffa8, 0x00000007014fffa8|
|  21|0x0000000701500000, 0x00000007015fffe0, 0x0000000701600000| 99%| O|  |TS  0|AC  0|TAMS 0x00000007015fffe0, 0x00000007015fffe0|
|  22|0x0000000701600000, 0x00000007016ffff0, 0x0000000701700000| 99%| O|  |TS  0|AC  0|TAMS 0x00000007016ffff0, 0x00000007016ffff0|
|  23|0x0000000701700000, 0x00000007017fffa0, 0x0000000701800000| 99%| O|  |TS  0|AC  0|TAMS 0x00000007017fffa0, 0x00000007017fffa0|
|  24|0x0000000701800000, 0x00000007018fffc8, 0x0000000701900000| 99%| O|  |TS  0|AC  0|TAMS 0x00000007018fffc8, 0x00000007018fffc8|
|  25|0x0000000701900000, 0x00000007019ffef0, 0x0000000701a00000| 99%| O|  |TS  0|AC  0|TAMS 0x00000007019ffef0, 0x00000007019ffef0|
|  26|0x0000000701a00000, 0x0000000701afffc0, 0x0000000701b00000| 99%| O|  |TS  0|AC  0|TAMS 0x0000000701afffc0, 0x0000000701afffc0|
|  27|0x0000000701b00000, 0x0000000701bffff0, 0x0000000701c00000| 99%| O|  |TS  0|AC  0|TAMS 0x0000000701bffff0, 0x0000000701bffff0|
|  28|0x0000000701c00000, 0x0000000701cffff8, 0x0000000701d00000| 99%| O|  |TS  0|AC  0|TAMS 0x0000000701cffff8, 0x0000000701cffff8|
|  29|0x0000000701d00000, 0x0000000701dfffe8, 0x0000000701e00000| 99%| O|  |TS  0|AC  0|TAMS 0x0000000701dfffe8, 0x0000000701dfffe8|
|  30|0x0000000701e00000, 0x0000000701effa70, 0x0000000701f00000| 99%| O|  |TS  0|AC  0|TAMS 0x0000000701effa70, 0x0000000701effa70|
|  31|0x0000000701f00000, 0x0000000701fffff8, 0x0000000702000000| 99%| O|  |TS  0|AC  0|TAMS 0x0000000701fffff8, 0x0000000701fffff8|
|  32|0x0000000702000000, 0x00000007020fffc8, 0x0000000702100000| 99%| O|  |TS  0|AC  0|TAMS 0x00000007020fffc8, 0x00000007020fffc8|
|  33|0x0000000702100000, 0x00000007021fffd8, 0x0000000702200000| 99%| O|  |TS  0|AC  0|TAMS 0x00000007021fffd8, 0x00000007021fffd8|
|  34|0x0000000702200000, 0x00000007022fffe0, 0x0000000702300000| 99%| O|  |TS  0|AC  0|TAMS 0x00000007022fffe0, 0x00000007022fffe0|
|  35|0x0000000702300000, 0x0000000702400000, 0x0000000702400000|100%| O|  |TS  0|AC  0|TAMS 0x0000000702400000, 0x0000000702400000|
|  36|0x0000000702400000, 0x0000000702500000, 0x0000000702500000|100%| O|  |TS  0|AC  0|TAMS 0x0000000702500000, 0x0000000702500000|
|  37|0x0000000702500000, 0x0000000702600000, 0x0000000702600000|100%| O|  |TS  0|AC  0|TAMS 0x0000000702600000, 0x0000000702600000|
|  38|0x0000000702600000, 0x00000007026fffc0, 0x0000000702700000| 99%| O|  |TS  0|AC  0|TAMS 0x00000007026fffc0, 0x00000007026fffc0|
|  39|0x0000000702700000, 0x00000007027ffff8, 0x0000000702800000| 99%| O|  |TS  0|AC  0|TAMS 0x00000007027ffff8, 0x00000007027ffff8|
|  40|0x0000000702800000, 0x0000000702900000, 0x0000000702900000|100%|HS|  |TS  0|AC  0|TAMS 0x0000000702900000, 0x0000000702900000|
|  41|0x0000000702900000, 0x0000000702a00000, 0x0000000702a00000|100%|HC|  |TS  0|AC  0|TAMS 0x0000000702a00000, 0x0000000702a00000|
|  42|0x0000000702a00000, 0x0000000702b00000, 0x0000000702b00000|100%|HC|  |TS  0|AC  0|TAMS 0x0000000702b00000, 0x0000000702b00000|
|  43|0x0000000702b00000, 0x0000000702c00000, 0x0000000702c00000|100%|HC|  |TS  0|AC  0|TAMS 0x0000000702c00000, 0x0000000702c00000|
|  44|0x0000000702c00000, 0x0000000702d00000, 0x0000000702d00000|100%|HC|  |TS  0|AC  0|TAMS 0x0000000702d00000, 0x0000000702d00000|
|  45|0x0000000702d00000, 0x0000000702e00000, 0x0000000702e00000|100%|HC|  |TS  0|AC  0|TAMS 0x0000000702e00000, 0x0000000702e00000|
|  46|0x0000000702e00000, 0x0000000702f00000, 0x0000000702f00000|100%|HC|  |TS  0|AC  0|TAMS 0x0000000702f00000, 0x0000000702f00000|
|  47|0x0000000702f00000, 0x0000000703000000, 0x0000000703000000|100%|HC|  |TS  0|AC  0|TAMS 0x0000000703000000, 0x0000000703000000|
|  48|0x0000000703000000, 0x00000007030fffe0, 0x0000000703100000| 99%| O|  |TS  0|AC  0|TAMS 0x00000007030fffe0, 0x00000007030fffe0|
|  49|0x0000000703100000, 0x00000007031fd820, 0x0000000703200000| 99%| O|  |TS  0|AC  0|TAMS 0x00000007031fd820, 0x00000007031fd820|
|  50|0x0000000703200000, 0x00000007032fffb8, 0x0000000703300000| 99%| O|  |TS  0|AC  0|TAMS 0x00000007032fffb8, 0x00000007032fffb8|
|  51|0x0000000703300000, 0x00000007033ffff8, 0x0000000703400000| 99%| O|  |TS  0|AC  0|TAMS 0x00000007033ffff8, 0x00000007033ffff8|
|  52|0x0000000703400000, 0x00000007034ffff0, 0x0000000703500000| 99%| O|  |TS  0|AC  0|TAMS 0x00000007034ffff0, 0x00000007034ffff0|
|  53|0x0000000703500000, 0x00000007035fffd8, 0x0000000703600000| 99%| O|  |TS  0|AC  0|TAMS 0x00000007035fffd8, 0x00000007035fffd8|
|  54|0x0000000703600000, 0x00000007036fff98, 0x0000000703700000| 99%| O|  |TS  0|AC  0|TAMS 0x00000007036fff98, 0x00000007036fff98|
|  55|0x0000000703700000, 0x00000007037fffe8, 0x0000000703800000| 99%| O|  |TS  0|AC  0|TAMS 0x00000007037fffe8, 0x00000007037fffe8|
|  56|0x0000000703800000, 0x00000007038fffb0, 0x0000000703900000| 99%| O|  |TS  0|AC  0|TAMS 0x00000007038fffb0, 0x00000007038fffb0|
|  57|0x0000000703900000, 0x00000007039ffff0, 0x0000000703a00000| 99%| O|  |TS  0|AC  0|TAMS 0x00000007039ffff0, 0x00000007039ffff0|
|  58|0x0000000703a00000, 0x0000000703affff8, 0x0000000703b00000| 99%| O|  |TS  0|AC  0|TAMS 0x0000000703affff8, 0x0000000703affff8|
|  59|0x0000000703b00000, 0x0000000703bffea8, 0x0000000703c00000| 99%| O|  |TS  0|AC  0|TAMS 0x0000000703bffea8, 0x0000000703bffea8|
|  60|0x0000000703c00000, 0x0000000703d00000, 0x0000000703d00000|100%| O|  |TS  0|AC  0|TAMS 0x0000000703d00000, 0x0000000703d00000|
|  61|0x0000000703d00000, 0x0000000703dffff8, 0x0000000703e00000| 99%| O|  |TS  0|AC  0|TAMS 0x0000000703dffff8, 0x0000000703dffff8|
|  62|0x0000000703e00000, 0x0000000703efffe0, 0x0000000703f00000| 99%| O|  |TS  0|AC  0|TAMS 0x0000000703efffe0, 0x0000000703efffe0|
|  63|0x0000000703f00000, 0x0000000703fff4d0, 0x0000000704000000| 99%| O|  |TS  0|AC  0|TAMS 0x0000000703fff4d0, 0x0000000703fff4d0|
|  64|0x0000000704000000, 0x00000007040fffe8, 0x0000000704100000| 99%| O|  |TS  0|AC  0|TAMS 0x00000007040fffe8, 0x00000007040fffe8|
|  65|0x0000000704100000, 0x00000007041fffe0, 0x0000000704200000| 99%| O|  |TS  0|AC  0|TAMS 0x00000007041fffe0, 0x00000007041fffe0|
|  66|0x0000000704200000, 0x00000007042fffb0, 0x0000000704300000| 99%| O|  |TS  0|AC  0|TAMS 0x00000007042fffb0, 0x00000007042fffb0|
|  67|0x0000000704300000, 0x00000007043ffff8, 0x0000000704400000| 99%| O|  |TS  0|AC  0|TAMS 0x00000007043ffff8, 0x00000007043ffff8|
|  68|0x0000000704400000, 0x00000007044ffff0, 0x0000000704500000| 99%| O|  |TS  0|AC  0|TAMS 0x00000007044ffff0, 0x00000007044ffff0|
|  69|0x0000000704500000, 0x00000007045ffec8, 0x0000000704600000| 99%| O|  |TS  0|AC  0|TAMS 0x00000007045ffec8, 0x00000007045ffec8|
|  70|0x0000000704600000, 0x00000007046fc0d8, 0x0000000704700000| 98%| O|  |TS  0|AC  0|TAMS 0x00000007046fc0d8, 0x00000007046fc0d8|
|  71|0x0000000704700000, 0x00000007047fffb8, 0x0000000704800000| 99%| O|  |TS  0|AC  0|TAMS 0x00000007047fffb8, 0x00000007047fffb8|
|  72|0x0000000704800000, 0x00000007048eee40, 0x0000000704900000| 93%| O|  |TS  0|AC  0|TAMS 0x00000007048eee40, 0x00000007048eee40|
|  73|0x0000000704900000, 0x0000000704a00000, 0x0000000704a00000|100%| O|  |TS  0|AC  0|TAMS 0x0000000704a00000, 0x0000000704a00000|
|  74|0x0000000704a00000, 0x0000000704b00000, 0x0000000704b00000|100%| O|  |TS  0|AC  0|TAMS 0x0000000704b00000, 0x0000000704b00000|
|  75|0x0000000704b00000, 0x0000000704c00000, 0x0000000704c00000|100%| O|  |TS  0|AC  0|TAMS 0x0000000704c00000, 0x0000000704c00000|
|  76|0x0000000704c00000, 0x0000000704d00000, 0x0000000704d00000|100%| O|  |TS  0|AC  0|TAMS 0x0000000704d00000, 0x0000000704d00000|
|  77|0x0000000704d00000, 0x0000000704e00000, 0x0000000704e00000|100%| O|  |TS  0|AC  0|TAMS 0x0000000704e00000, 0x0000000704e00000|
|  78|0x0000000704e00000, 0x0000000704f00000, 0x0000000704f00000|100%| O|  |TS  0|AC  0|TAMS 0x0000000704f00000, 0x0000000704f00000|
|  79|0x0000000704f00000, 0x0000000705000000, 0x0000000705000000|100%| O|  |TS  0|AC  0|TAMS 0x0000000705000000, 0x0000000705000000|
|  80|0x0000000705000000, 0x0000000705100000, 0x0000000705100000|100%| O|  |TS  0|AC  0|TAMS 0x0000000705100000, 0x0000000705100000|
|  81|0x0000000705100000, 0x0000000705200000, 0x0000000705200000|100%| O|  |TS  0|AC  0|TAMS 0x0000000705200000, 0x0000000705200000|
|  82|0x0000000705200000, 0x0000000705300000, 0x0000000705300000|100%| O|  |TS  0|AC  0|TAMS 0x0000000705300000, 0x0000000705300000|
|  83|0x0000000705300000, 0x0000000705400000, 0x0000000705400000|100%| O|  |TS  0|AC  0|TAMS 0x0000000705400000, 0x0000000705400000|
|  84|0x0000000705400000, 0x0000000705500000, 0x0000000705500000|100%| O|  |TS  0|AC  0|TAMS 0x0000000705500000, 0x0000000705500000|
|  85|0x0000000705500000, 0x0000000705600000, 0x0000000705600000|100%| O|  |TS  0|AC  0|TAMS 0x0000000705600000, 0x0000000705600000|
|  86|0x0000000705600000, 0x0000000705700000, 0x0000000705700000|100%| O|  |TS  0|AC  0|TAMS 0x0000000705700000, 0x0000000705700000|
|  87|0x0000000705700000, 0x0000000705800000, 0x0000000705800000|100%| O|  |TS  0|AC  0|TAMS 0x0000000705800000, 0x0000000705800000|
|  88|0x0000000705800000, 0x0000000705900000, 0x0000000705900000|100%| O|  |TS  0|AC  0|TAMS 0x0000000705900000, 0x0000000705900000|
|  89|0x0000000705900000, 0x0000000705a00000, 0x0000000705a00000|100%| O|  |TS  0|AC  0|TAMS 0x0000000705a00000, 0x0000000705a00000|
|  90|0x0000000705a00000, 0x0000000705b00000, 0x0000000705b00000|100%| O|  |TS  0|AC  0|TAMS 0x0000000705b00000, 0x0000000705b00000|
|  91|0x0000000705b00000, 0x0000000705c00000, 0x0000000705c00000|100%| O|  |TS  0|AC  0|TAMS 0x0000000705c00000, 0x0000000705c00000|
|  92|0x0000000705c00000, 0x0000000705d00000, 0x0000000705d00000|100%| O|  |TS  0|AC  0|TAMS 0x0000000705d00000, 0x0000000705d00000|
|  93|0x0000000705d00000, 0x0000000705e00000, 0x0000000705e00000|100%| O|  |TS  0|AC  0|TAMS 0x0000000705e00000, 0x0000000705e00000|
|  94|0x0000000705e00000, 0x0000000705f00000, 0x0000000705f00000|100%| O|  |TS  0|AC  0|TAMS 0x0000000705f00000, 0x0000000705f00000|
|  95|0x0000000705f00000, 0x0000000706000000, 0x0000000706000000|100%| O|  |TS  0|AC  0|TAMS 0x0000000706000000, 0x0000000706000000|
|  96|0x0000000706000000, 0x0000000706100000, 0x0000000706100000|100%| O|  |TS  0|AC  0|TAMS 0x0000000706100000, 0x0000000706100000|
|  97|0x0000000706100000, 0x0000000706200000, 0x0000000706200000|100%| O|  |TS  0|AC  0|TAMS 0x0000000706200000, 0x0000000706200000|
|  98|0x0000000706200000, 0x0000000706300000, 0x0000000706300000|100%| O|  |TS  0|AC  0|TAMS 0x0000000706300000, 0x0000000706300000|
|  99|0x0000000706300000, 0x0000000706400000, 0x0000000706400000|100%| O|  |TS  0|AC  0|TAMS 0x0000000706400000, 0x0000000706400000|
| 100|0x0000000706400000, 0x0000000706500000, 0x0000000706500000|100%| O|  |TS  0|AC  0|TAMS 0x0000000706500000, 0x0000000706500000|
| 101|0x0000000706500000, 0x0000000706600000, 0x0000000706600000|100%| O|  |TS  0|AC  0|TAMS 0x0000000706600000, 0x0000000706600000|
| 102|0x0000000706600000, 0x0000000706700000, 0x0000000706700000|100%| O|  |TS  0|AC  0|TAMS 0x0000000706700000, 0x0000000706700000|
| 103|0x0000000706700000, 0x0000000706800000, 0x0000000706800000|100%| O|  |TS  0|AC  0|TAMS 0x0000000706800000, 0x0000000706800000|
| 104|0x0000000706800000, 0x0000000706900000, 0x0000000706900000|100%| O|  |TS 15|AC  0|TAMS 0x00000007068c8c00, 0x00000007068c8c00|
| 105|0x0000000706900000, 0x0000000706a00000, 0x0000000706a00000|100%| O|  |TS 15|AC  0|TAMS 0x0000000706900000, 0x0000000706900000|
| 106|0x0000000706a00000, 0x0000000706b00000, 0x0000000706b00000|100%|HS|  |TS  0|AC  0|TAMS 0x0000000706b00000, 0x0000000706b00000|
| 107|0x0000000706b00000, 0x0000000706c00000, 0x0000000706c00000|100%|HS|  |TS  0|AC  0|TAMS 0x0000000706c00000, 0x0000000706c00000|
| 108|0x0000000706c00000, 0x0000000706d00000, 0x0000000706d00000|100%|HS|  |TS  0|AC  0|TAMS 0x0000000706c00000, 0x0000000706c00000|
| 109|0x0000000706d00000, 0x0000000706e00000, 0x0000000706e00000|100%|HC|  |TS  0|AC  0|TAMS 0x0000000706d00000, 0x0000000706d00000|
| 110|0x0000000706e00000, 0x0000000706f00000, 0x0000000706f00000|100%|HC|  |TS  0|AC  0|TAMS 0x0000000706e00000, 0x0000000706e00000|
| 111|0x0000000706f00000, 0x0000000707000000, 0x0000000707000000|100%| O|  |TS 15|AC  0|TAMS 0x0000000706f00000, 0x0000000706f00000|
| 112|0x0000000707000000, 0x0000000707100000, 0x0000000707100000|100%| O|  |TS 15|AC  0|TAMS 0x0000000707000000, 0x0000000707000000|
| 113|0x0000000707100000, 0x0000000707200000, 0x0000000707200000|100%| O|  |TS 15|AC  0|TAMS 0x0000000707100000, 0x0000000707100000|
| 114|0x0000000707200000, 0x0000000707300000, 0x0000000707300000|100%|HS|  |TS  0|AC  0|TAMS 0x0000000707300000, 0x0000000707300000|
| 115|0x0000000707300000, 0x0000000707400000, 0x0000000707400000|100%|HC|  |TS  0|AC  0|TAMS 0x0000000707400000, 0x0000000707400000|
| 116|0x0000000707400000, 0x0000000707500000, 0x0000000707500000|100%|HC|  |TS  0|AC  0|TAMS 0x0000000707500000, 0x0000000707500000|
| 117|0x0000000707500000, 0x0000000707600000, 0x0000000707600000|100%|HC|  |TS  0|AC  0|TAMS 0x0000000707600000, 0x0000000707600000|
| 118|0x0000000707600000, 0x0000000707700000, 0x0000000707700000|100%| O|  |TS 15|AC  0|TAMS 0x0000000707600000, 0x0000000707600000|
| 119|0x0000000707700000, 0x0000000707800000, 0x0000000707800000|100%| O|  |TS 15|AC  0|TAMS 0x0000000707700000, 0x0000000707700000|
| 120|0x0000000707800000, 0x0000000707900000, 0x0000000707900000|100%| O|  |TS 21|AC  0|TAMS 0x0000000707800000, 0x0000000707800000|
| 121|0x0000000707900000, 0x0000000707a00000, 0x0000000707a00000|100%|HS|  |TS  0|AC  0|TAMS 0x0000000707900000, 0x0000000707900000|
| 122|0x0000000707a00000, 0x0000000707b00000, 0x0000000707b00000|100%| O|  |TS 21|AC  0|TAMS 0x0000000707a00000, 0x0000000707a00000|
| 123|0x0000000707b00000, 0x0000000707c00000, 0x0000000707c00000|100%| O|  |TS 21|AC  0|TAMS 0x0000000707b00000, 0x0000000707b00000|
| 124|0x0000000707c00000, 0x0000000707d00000, 0x0000000707d00000|100%| O|  |TS 21|AC  0|TAMS 0x0000000707c00000, 0x0000000707c00000|
| 125|0x0000000707d00000, 0x0000000707e00000, 0x0000000707e00000|100%| O|  |TS 21|AC  0|TAMS 0x0000000707d00000, 0x0000000707d00000|
| 126|0x0000000707e00000, 0x0000000707e43200, 0x0000000707f00000| 26%| O|  |TS 25|AC  0|TAMS 0x0000000707e00000, 0x0000000707e00000|
| 127|0x0000000707f00000, 0x0000000707f00000, 0x0000000708000000|  0%| F|  |TS  0|AC  0|TAMS 0x0000000707f00000, 0x0000000707f00000|
| 128|0x0000000708000000, 0x0000000708000000, 0x0000000708100000|  0%| F|  |TS  0|AC  0|TAMS 0x0000000708000000, 0x0000000708000000|
| 129|0x0000000708100000, 0x0000000708100000, 0x0000000708200000|  0%| F|  |TS  0|AC  0|TAMS 0x0000000708100000, 0x0000000708100000|
| 130|0x0000000708200000, 0x0000000708200000, 0x0000000708300000|  0%| F|  |TS  0|AC  0|TAMS 0x0000000708200000, 0x0000000708200000|
| 131|0x0000000708300000, 0x0000000708300000, 0x0000000708400000|  0%| F|  |TS  0|AC  0|TAMS 0x0000000708300000, 0x0000000708300000|
| 132|0x0000000708400000, 0x0000000708400000, 0x0000000708500000|  0%| F|  |TS  0|AC  0|TAMS 0x0000000708400000, 0x0000000708400000|
| 133|0x0000000708500000, 0x0000000708500000, 0x0000000708600000|  0%| F|  |TS  0|AC  0|TAMS 0x0000000708500000, 0x0000000708500000|
| 134|0x0000000708600000, 0x0000000708600000, 0x0000000708700000|  0%| F|  |TS  0|AC  0|TAMS 0x0000000708600000, 0x0000000708600000|
| 135|0x0000000708700000, 0x0000000708700000, 0x0000000708800000|  0%| F|  |TS  0|AC  0|TAMS 0x0000000708700000, 0x0000000708700000|
| 136|0x0000000708800000, 0x0000000708800000, 0x0000000708900000|  0%| F|  |TS  0|AC  0|TAMS 0x0000000708800000, 0x0000000708800000|
| 137|0x0000000708900000, 0x0000000708900000, 0x0000000708a00000|  0%| F|  |TS  0|AC  0|TAMS 0x0000000708900000, 0x0000000708900000|
| 138|0x0000000708a00000, 0x0000000708a00000, 0x0000000708b00000|  0%| F|  |TS  0|AC  0|TAMS 0x0000000708a00000, 0x0000000708a00000|
| 139|0x0000000708b00000, 0x0000000708b00000, 0x0000000708c00000|  0%| F|  |TS  0|AC  0|TAMS 0x0000000708b00000, 0x0000000708b00000|
| 140|0x0000000708c00000, 0x0000000708c00000, 0x0000000708d00000|  0%| F|  |TS  0|AC  0|TAMS 0x0000000708c00000, 0x0000000708c00000|
| 141|0x0000000708d00000, 0x0000000708d00000, 0x0000000708e00000|  0%| F|  |TS  0|AC  0|TAMS 0x0000000708d00000, 0x0000000708d00000|
| 142|0x0000000708e00000, 0x0000000708e00000, 0x0000000708f00000|  0%| F|  |TS  0|AC  0|TAMS 0x0000000708e00000, 0x0000000708e00000|
| 143|0x0000000708f00000, 0x0000000708f00000, 0x0000000709000000|  0%| F|  |TS  0|AC  0|TAMS 0x0000000708f00000, 0x0000000708f00000|
| 144|0x0000000709000000, 0x0000000709000000, 0x0000000709100000|  0%| F|  |TS  0|AC  0|TAMS 0x0000000709000000, 0x0000000709000000|
| 145|0x0000000709100000, 0x0000000709100000, 0x0000000709200000|  0%| F|  |TS  0|AC  0|TAMS 0x0000000709100000, 0x0000000709100000|
| 146|0x0000000709200000, 0x0000000709200000, 0x0000000709300000|  0%| F|  |TS  0|AC  0|TAMS 0x0000000709200000, 0x0000000709200000|
| 147|0x0000000709300000, 0x0000000709300000, 0x0000000709400000|  0%| F|  |TS  0|AC  0|TAMS 0x0000000709300000, 0x0000000709300000|
| 148|0x0000000709400000, 0x0000000709400000, 0x0000000709500000|  0%| F|  |TS  0|AC  0|TAMS 0x0000000709400000, 0x0000000709400000|
| 149|0x0000000709500000, 0x0000000709500000, 0x0000000709600000|  0%| F|  |TS  0|AC  0|TAMS 0x0000000709500000, 0x0000000709500000|
| 150|0x0000000709600000, 0x0000000709600000, 0x0000000709700000|  0%| F|  |TS  0|AC  0|TAMS 0x0000000709600000, 0x0000000709600000|
| 151|0x0000000709700000, 0x0000000709700000, 0x0000000709800000|  0%| F|  |TS  0|AC  0|TAMS 0x0000000709700000, 0x0000000709700000|
| 152|0x0000000709800000, 0x0000000709800000, 0x0000000709900000|  0%| F|  |TS  0|AC  0|TAMS 0x0000000709800000, 0x0000000709800000|
| 153|0x0000000709900000, 0x0000000709900000, 0x0000000709a00000|  0%| F|  |TS  3|AC  0|TAMS 0x0000000709900000, 0x0000000709900000|
| 154|0x0000000709a00000, 0x0000000709a00000, 0x0000000709b00000|  0%| F|  |TS  1|AC  0|TAMS 0x0000000709a00000, 0x0000000709a00000|
| 155|0x0000000709b00000, 0x0000000709b00000, 0x0000000709c00000|  0%| F|  |TS  1|AC  0|TAMS 0x0000000709b00000, 0x0000000709b00000|
| 156|0x0000000709c00000, 0x0000000709c00000, 0x0000000709d00000|  0%| F|  |TS  1|AC  0|TAMS 0x0000000709c00000, 0x0000000709c00000|
| 157|0x0000000709d00000, 0x0000000709d00000, 0x0000000709e00000|  0%| F|  |TS  1|AC  0|TAMS 0x0000000709d00000, 0x0000000709d00000|
| 158|0x0000000709e00000, 0x0000000709e00000, 0x0000000709f00000|  0%| F|  |TS  1|AC  0|TAMS 0x0000000709e00000, 0x0000000709e00000|
| 159|0x0000000709f00000, 0x0000000709f00000, 0x000000070a000000|  0%| F|  |TS  1|AC  0|TAMS 0x0000000709f00000, 0x0000000709f00000|
| 160|0x000000070a000000, 0x000000070a000000, 0x000000070a100000|  0%| F|  |TS  1|AC  0|TAMS 0x000000070a000000, 0x000000070a000000|
| 161|0x000000070a100000, 0x000000070a100000, 0x000000070a200000|  0%| F|  |TS  1|AC  0|TAMS 0x000000070a100000, 0x000000070a100000|
| 162|0x000000070a200000, 0x000000070a200000, 0x000000070a300000|  0%| F|  |TS  1|AC  0|TAMS 0x000000070a200000, 0x000000070a200000|
| 163|0x000000070a300000, 0x000000070a300000, 0x000000070a400000|  0%| F|  |TS  1|AC  0|TAMS 0x000000070a300000, 0x000000070a300000|
| 164|0x000000070a400000, 0x000000070a400000, 0x000000070a500000|  0%| F|  |TS  1|AC  0|TAMS 0x000000070a400000, 0x000000070a400000|
| 165|0x000000070a500000, 0x000000070a500000, 0x000000070a600000|  0%| F|  |TS  1|AC  0|TAMS 0x000000070a500000, 0x000000070a500000|
| 166|0x000000070a600000, 0x000000070a600000, 0x000000070a700000|  0%| F|  |TS  1|AC  0|TAMS 0x000000070a600000, 0x000000070a600000|
| 167|0x000000070a700000, 0x000000070a700000, 0x000000070a800000|  0%| F|  |TS  1|AC  0|TAMS 0x000000070a700000, 0x000000070a700000|
| 168|0x000000070a800000, 0x000000070a800000, 0x000000070a900000|  0%| F|  |TS  1|AC  0|TAMS 0x000000070a800000, 0x000000070a800000|
| 169|0x000000070a900000, 0x000000070a900000, 0x000000070aa00000|  0%| F|  |TS  1|AC  0|TAMS 0x000000070a900000, 0x000000070a900000|
| 170|0x000000070aa00000, 0x000000070aa00000, 0x000000070ab00000|  0%| F|  |TS  1|AC  0|TAMS 0x000000070aa00000, 0x000000070aa00000|
| 171|0x000000070ab00000, 0x000000070ab00000, 0x000000070ac00000|  0%| F|  |TS  1|AC  0|TAMS 0x000000070ab00000, 0x000000070ab00000|
| 172|0x000000070ac00000, 0x000000070ac00000, 0x000000070ad00000|  0%| F|  |TS  1|AC  0|TAMS 0x000000070ac00000, 0x000000070ac00000|
| 173|0x000000070ad00000, 0x000000070ad00000, 0x000000070ae00000|  0%| F|  |TS  1|AC  0|TAMS 0x000000070ad00000, 0x000000070ad00000|
| 174|0x000000070ae00000, 0x000000070ae00000, 0x000000070af00000|  0%| F|  |TS  1|AC  0|TAMS 0x000000070ae00000, 0x000000070ae00000|
| 175|0x000000070af00000, 0x000000070af00000, 0x000000070b000000|  0%| F|  |TS  1|AC  0|TAMS 0x000000070af00000, 0x000000070af00000|
| 176|0x000000070b000000, 0x000000070b000000, 0x000000070b100000|  0%| F|  |TS  1|AC  0|TAMS 0x000000070b000000, 0x000000070b000000|
| 177|0x000000070b100000, 0x000000070b100000, 0x000000070b200000|  0%| F|  |TS  1|AC  0|TAMS 0x000000070b100000, 0x000000070b100000|
| 178|0x000000070b200000, 0x000000070b200000, 0x000000070b300000|  0%| F|  |TS  1|AC  0|TAMS 0x000000070b200000, 0x000000070b200000|
| 179|0x000000070b300000, 0x000000070b300000, 0x000000070b400000|  0%| F|  |TS  1|AC  0|TAMS 0x000000070b300000, 0x000000070b300000|
| 180|0x000000070b400000, 0x000000070b400000, 0x000000070b500000|  0%| F|  |TS  1|AC  0|TAMS 0x000000070b400000, 0x000000070b400000|
| 181|0x000000070b500000, 0x000000070b500000, 0x000000070b600000|  0%| F|  |TS  1|AC  0|TAMS 0x000000070b500000, 0x000000070b500000|
| 182|0x000000070b600000, 0x000000070b600000, 0x000000070b700000|  0%| F|  |TS  1|AC  0|TAMS 0x000000070b600000, 0x000000070b600000|
| 183|0x000000070b700000, 0x000000070b700000, 0x000000070b800000|  0%| F|  |TS  1|AC  0|TAMS 0x000000070b700000, 0x000000070b700000|
| 184|0x000000070b800000, 0x000000070b800000, 0x000000070b900000|  0%| F|  |TS  1|AC  0|TAMS 0x000000070b800000, 0x000000070b800000|
| 185|0x000000070b900000, 0x000000070b900000, 0x000000070ba00000|  0%| F|  |TS  1|AC  0|TAMS 0x000000070b900000, 0x000000070b900000|
| 186|0x000000070ba00000, 0x000000070ba00000, 0x000000070bb00000|  0%| F|  |TS  1|AC  0|TAMS 0x000000070ba00000, 0x000000070ba00000|
| 187|0x000000070bb00000, 0x000000070bb00000, 0x000000070bc00000|  0%| F|  |TS  1|AC  0|TAMS 0x000000070bb00000, 0x000000070bb00000|
| 188|0x000000070bc00000, 0x000000070bc00000, 0x000000070bd00000|  0%| F|  |TS  1|AC  0|TAMS 0x000000070bc00000, 0x000000070bc00000|
| 189|0x000000070bd00000, 0x000000070bd00000, 0x000000070be00000|  0%| F|  |TS  1|AC  0|TAMS 0x000000070bd00000, 0x000000070bd00000|
| 190|0x000000070be00000, 0x000000070be00000, 0x000000070bf00000|  0%| F|  |TS  1|AC  0|TAMS 0x000000070be00000, 0x000000070be00000|
| 191|0x000000070bf00000, 0x000000070bf00000, 0x000000070c000000|  0%| F|  |TS  1|AC  0|TAMS 0x000000070bf00000, 0x000000070bf00000|
| 192|0x000000070c000000, 0x000000070c000000, 0x000000070c100000|  0%| F|  |TS  1|AC  0|TAMS 0x000000070c000000, 0x000000070c000000|
| 193|0x000000070c100000, 0x000000070c100000, 0x000000070c200000|  0%| F|  |TS  1|AC  0|TAMS 0x000000070c100000, 0x000000070c100000|
| 194|0x000000070c200000, 0x000000070c200000, 0x000000070c300000|  0%| F|  |TS  9|AC  0|TAMS 0x000000070c200000, 0x000000070c200000|
| 195|0x000000070c300000, 0x000000070c300000, 0x000000070c400000|  0%| F|  |TS 11|AC  0|TAMS 0x000000070c300000, 0x000000070c300000|
| 196|0x000000070c400000, 0x000000070c400000, 0x000000070c500000|  0%| F|  |TS  9|AC  0|TAMS 0x000000070c400000, 0x000000070c400000|
| 197|0x000000070c500000, 0x000000070c500000, 0x000000070c600000|  0%| F|  |TS  9|AC  0|TAMS 0x000000070c500000, 0x000000070c500000|
| 198|0x000000070c600000, 0x000000070c600000, 0x000000070c700000|  0%| F|  |TS 11|AC  0|TAMS 0x000000070c600000, 0x000000070c600000|
| 199|0x000000070c700000, 0x000000070c700000, 0x000000070c800000|  0%| F|  |TS 11|AC  0|TAMS 0x000000070c700000, 0x000000070c700000|
| 200|0x000000070c800000, 0x000000070c800000, 0x000000070c900000|  0%| F|  |TS  9|AC  0|TAMS 0x000000070c800000, 0x000000070c800000|
| 201|0x000000070c900000, 0x000000070c900000, 0x000000070ca00000|  0%| F|  |TS  9|AC  0|TAMS 0x000000070c900000, 0x000000070c900000|
| 202|0x000000070ca00000, 0x000000070ca00000, 0x000000070cb00000|  0%| F|  |TS  9|AC  0|TAMS 0x000000070ca00000, 0x000000070ca00000|
| 203|0x000000070cb00000, 0x000000070cb00000, 0x000000070cc00000|  0%| F|  |TS  9|AC  0|TAMS 0x000000070cb00000, 0x000000070cb00000|
| 204|0x000000070cc00000, 0x000000070cc00000, 0x000000070cd00000|  0%| F|  |TS  9|AC  0|TAMS 0x000000070cc00000, 0x000000070cc00000|
| 205|0x000000070cd00000, 0x000000070cd00000, 0x000000070ce00000|  0%| F|  |TS  9|AC  0|TAMS 0x000000070cd00000, 0x000000070cd00000|
| 206|0x000000070ce00000, 0x000000070ce00000, 0x000000070cf00000|  0%| F|  |TS  9|AC  0|TAMS 0x000000070ce00000, 0x000000070ce00000|
| 207|0x000000070cf00000, 0x000000070cf00000, 0x000000070d000000|  0%| F|  |TS  9|AC  0|TAMS 0x000000070cf00000, 0x000000070cf00000|
| 208|0x000000070d000000, 0x000000070d000000, 0x000000070d100000|  0%| F|  |TS  9|AC  0|TAMS 0x000000070d000000, 0x000000070d000000|
| 209|0x000000070d100000, 0x000000070d100000, 0x000000070d200000|  0%| F|  |TS  9|AC  0|TAMS 0x000000070d100000, 0x000000070d100000|
| 210|0x000000070d200000, 0x000000070d200000, 0x000000070d300000|  0%| F|  |TS  9|AC  0|TAMS 0x000000070d200000, 0x000000070d200000|
| 211|0x000000070d300000, 0x000000070d300000, 0x000000070d400000|  0%| F|  |TS  9|AC  0|TAMS 0x000000070d300000, 0x000000070d300000|
| 212|0x000000070d400000, 0x000000070d400000, 0x000000070d500000|  0%| F|  |TS  9|AC  0|TAMS 0x000000070d400000, 0x000000070d400000|
| 213|0x000000070d500000, 0x000000070d500000, 0x000000070d600000|  0%| F|  |TS  9|AC  0|TAMS 0x000000070d500000, 0x000000070d500000|
| 214|0x000000070d600000, 0x000000070d600000, 0x000000070d700000|  0%| F|  |TS  9|AC  0|TAMS 0x000000070d600000, 0x000000070d600000|
| 215|0x000000070d700000, 0x000000070d700000, 0x000000070d800000|  0%| F|  |TS  9|AC  0|TAMS 0x000000070d700000, 0x000000070d700000|
| 216|0x000000070d800000, 0x000000070d800000, 0x000000070d900000|  0%| F|  |TS  9|AC  0|TAMS 0x000000070d800000, 0x000000070d800000|
| 217|0x000000070d900000, 0x000000070d900000, 0x000000070da00000|  0%| F|  |TS  9|AC  0|TAMS 0x000000070d900000, 0x000000070d900000|
| 218|0x000000070da00000, 0x000000070da00000, 0x000000070db00000|  0%| F|  |TS  9|AC  0|TAMS 0x000000070da00000, 0x000000070da00000|
| 219|0x000000070db00000, 0x000000070db00000, 0x000000070dc00000|  0%| F|  |TS  9|AC  0|TAMS 0x000000070db00000, 0x000000070db00000|
| 220|0x000000070dc00000, 0x000000070dc00000, 0x000000070dd00000|  0%| F|  |TS  9|AC  0|TAMS 0x000000070dc00000, 0x000000070dc00000|
| 221|0x000000070dd00000, 0x000000070dd00000, 0x000000070de00000|  0%| F|  |TS  9|AC  0|TAMS 0x000000070dd00000, 0x000000070dd00000|
| 222|0x000000070de00000, 0x000000070de00000, 0x000000070df00000|  0%| F|  |TS  9|AC  0|TAMS 0x000000070de00000, 0x000000070de00000|
| 223|0x000000070df00000, 0x000000070df00000, 0x000000070e000000|  0%| F|  |TS  9|AC  0|TAMS 0x000000070df00000, 0x000000070df00000|
| 224|0x000000070e000000, 0x000000070e000000, 0x000000070e100000|  0%| F|  |TS  9|AC  0|TAMS 0x000000070e000000, 0x000000070e000000|
| 225|0x000000070e100000, 0x000000070e100000, 0x000000070e200000|  0%| F|  |TS  9|AC  0|TAMS 0x000000070e100000, 0x000000070e100000|
| 226|0x000000070e200000, 0x000000070e200000, 0x000000070e300000|  0%| F|  |TS  9|AC  0|TAMS 0x000000070e200000, 0x000000070e200000|
| 227|0x000000070e300000, 0x000000070e300000, 0x000000070e400000|  0%| F|  |TS  9|AC  0|TAMS 0x000000070e300000, 0x000000070e300000|
| 228|0x000000070e400000, 0x000000070e400000, 0x000000070e500000|  0%| F|  |TS  9|AC  0|TAMS 0x000000070e400000, 0x000000070e400000|
| 229|0x000000070e500000, 0x000000070e500000, 0x000000070e600000|  0%| F|  |TS  9|AC  0|TAMS 0x000000070e500000, 0x000000070e500000|
| 230|0x000000070e600000, 0x000000070e600000, 0x000000070e700000|  0%| F|  |TS  9|AC  0|TAMS 0x000000070e600000, 0x000000070e600000|
| 231|0x000000070e700000, 0x000000070e700000, 0x000000070e800000|  0%| F|  |TS  9|AC  0|TAMS 0x000000070e700000, 0x000000070e700000|
| 232|0x000000070e800000, 0x000000070e800000, 0x000000070e900000|  0%| F|  |TS  9|AC  0|TAMS 0x000000070e800000, 0x000000070e800000|
| 233|0x000000070e900000, 0x000000070e900000, 0x000000070ea00000|  0%| F|  |TS  9|AC  0|TAMS 0x000000070e900000, 0x000000070e900000|
| 234|0x000000070ea00000, 0x000000070ea00000, 0x000000070eb00000|  0%| F|  |TS  9|AC  0|TAMS 0x000000070ea00000, 0x000000070ea00000|
| 235|0x000000070eb00000, 0x000000070eb00000, 0x000000070ec00000|  0%| F|  |TS  9|AC  0|TAMS 0x000000070eb00000, 0x000000070eb00000|
| 236|0x000000070ec00000, 0x000000070ec00000, 0x000000070ed00000|  0%| F|  |TS  9|AC  0|TAMS 0x000000070ec00000, 0x000000070ec00000|
| 237|0x000000070ed00000, 0x000000070ed00000, 0x000000070ee00000|  0%| F|  |TS  9|AC  0|TAMS 0x000000070ed00000, 0x000000070ed00000|
| 238|0x000000070ee00000, 0x000000070ee00000, 0x000000070ef00000|  0%| F|  |TS  9|AC  0|TAMS 0x000000070ee00000, 0x000000070ee00000|
| 239|0x000000070ef00000, 0x000000070ef00000, 0x000000070f000000|  0%| F|  |TS  9|AC  0|TAMS 0x000000070ef00000, 0x000000070ef00000|
| 240|0x000000070f000000, 0x000000070f000000, 0x000000070f100000|  0%| F|  |TS  9|AC  0|TAMS 0x000000070f000000, 0x000000070f000000|
| 241|0x000000070f100000, 0x000000070f100000, 0x000000070f200000|  0%| F|  |TS  9|AC  0|TAMS 0x000000070f100000, 0x000000070f100000|
| 242|0x000000070f200000, 0x000000070f200000, 0x000000070f300000|  0%| F|  |TS 15|AC  0|TAMS 0x000000070f200000, 0x000000070f200000|
| 243|0x000000070f300000, 0x000000070f300000, 0x000000070f400000|  0%| F|  |TS 15|AC  0|TAMS 0x000000070f300000, 0x000000070f300000|
| 244|0x000000070f400000, 0x000000070f400000, 0x000000070f500000|  0%| F|  |TS 15|AC  0|TAMS 0x000000070f400000, 0x000000070f400000|
| 245|0x000000070f500000, 0x000000070f500000, 0x000000070f600000|  0%| F|  |TS 15|AC  0|TAMS 0x000000070f500000, 0x000000070f500000|
| 246|0x000000070f600000, 0x000000070f600000, 0x000000070f700000|  0%| F|  |TS 15|AC  0|TAMS 0x000000070f600000, 0x000000070f600000|
| 247|0x000000070f700000, 0x000000070f700000, 0x000000070f800000|  0%| F|  |TS 19|AC  0|TAMS 0x000000070f700000, 0x000000070f700000|
| 248|0x000000070f800000, 0x000000070f800000, 0x000000070f900000|  0%| F|  |TS 19|AC  0|TAMS 0x000000070f800000, 0x000000070f800000|
| 249|0x000000070f900000, 0x000000070f900000, 0x000000070fa00000|  0%| F|  |TS 17|AC  0|TAMS 0x000000070f900000, 0x000000070f900000|
| 250|0x000000070fa00000, 0x000000070fa00000, 0x000000070fb00000|  0%| F|  |TS 17|AC  0|TAMS 0x000000070fa00000, 0x000000070fa00000|
| 251|0x000000070fb00000, 0x000000070fb00000, 0x000000070fc00000|  0%| F|  |TS 17|AC  0|TAMS 0x000000070fb00000, 0x000000070fb00000|
| 252|0x000000070fc00000, 0x000000070fc00000, 0x000000070fd00000|  0%| F|  |TS 17|AC  0|TAMS 0x000000070fc00000, 0x000000070fc00000|
| 253|0x000000070fd00000, 0x000000070fd00000, 0x000000070fe00000|  0%| F|  |TS 17|AC  0|TAMS 0x000000070fd00000, 0x000000070fd00000|
| 254|0x000000070fe00000, 0x000000070fe00000, 0x000000070ff00000|  0%| F|  |TS 17|AC  0|TAMS 0x000000070fe00000, 0x000000070fe00000|
| 255|0x000000070ff00000, 0x000000070ff00000, 0x0000000710000000|  0%| F|  |TS 17|AC  0|TAMS 0x000000070ff00000, 0x000000070ff00000|
| 256|0x0000000710000000, 0x0000000710000000, 0x0000000710100000|  0%| F|  |TS 17|AC  0|TAMS 0x0000000710000000, 0x0000000710000000|
| 257|0x0000000710100000, 0x0000000710100000, 0x0000000710200000|  0%| F|  |TS 17|AC  0|TAMS 0x0000000710100000, 0x0000000710100000|
| 258|0x0000000710200000, 0x0000000710200000, 0x0000000710300000|  0%| F|  |TS 17|AC  0|TAMS 0x0000000710200000, 0x0000000710200000|
| 259|0x0000000710300000, 0x0000000710300000, 0x0000000710400000|  0%| F|  |TS 17|AC  0|TAMS 0x0000000710300000, 0x0000000710300000|
| 260|0x0000000710400000, 0x0000000710400000, 0x0000000710500000|  0%| F|  |TS 17|AC  0|TAMS 0x0000000710400000, 0x0000000710400000|
| 261|0x0000000710500000, 0x0000000710500000, 0x0000000710600000|  0%| F|  |TS 17|AC  0|TAMS 0x0000000710500000, 0x0000000710500000|
| 262|0x0000000710600000, 0x0000000710600000, 0x0000000710700000|  0%| F|  |TS 17|AC  0|TAMS 0x0000000710600000, 0x0000000710600000|
| 263|0x0000000710700000, 0x0000000710700000, 0x0000000710800000|  0%| F|  |TS 17|AC  0|TAMS 0x0000000710700000, 0x0000000710700000|
| 264|0x0000000710800000, 0x0000000710800000, 0x0000000710900000|  0%| F|  |TS 17|AC  0|TAMS 0x0000000710800000, 0x0000000710800000|
| 265|0x0000000710900000, 0x0000000710900000, 0x0000000710a00000|  0%| F|  |TS 17|AC  0|TAMS 0x0000000710900000, 0x0000000710900000|
| 266|0x0000000710a00000, 0x0000000710a00000, 0x0000000710b00000|  0%| F|  |TS 17|AC  0|TAMS 0x0000000710a00000, 0x0000000710a00000|
| 267|0x0000000710b00000, 0x0000000710b00000, 0x0000000710c00000|  0%| F|  |TS 17|AC  0|TAMS 0x0000000710b00000, 0x0000000710b00000|
| 268|0x0000000710c00000, 0x0000000710c00000, 0x0000000710d00000|  0%| F|  |TS 17|AC  0|TAMS 0x0000000710c00000, 0x0000000710c00000|
| 269|0x0000000710d00000, 0x0000000710d00000, 0x0000000710e00000|  0%| F|  |TS 17|AC  0|TAMS 0x0000000710d00000, 0x0000000710d00000|
| 270|0x0000000710e00000, 0x0000000710e00000, 0x0000000710f00000|  0%| F|  |TS 17|AC  0|TAMS 0x0000000710e00000, 0x0000000710e00000|
| 271|0x0000000710f00000, 0x0000000710f00000, 0x0000000711000000|  0%| F|  |TS 17|AC  0|TAMS 0x0000000710f00000, 0x0000000710f00000|
| 272|0x0000000711000000, 0x0000000711000000, 0x0000000711100000|  0%| F|  |TS 17|AC  0|TAMS 0x0000000711000000, 0x0000000711000000|
| 273|0x0000000711100000, 0x0000000711100000, 0x0000000711200000|  0%| F|  |TS 17|AC  0|TAMS 0x0000000711100000, 0x0000000711100000|
| 274|0x0000000711200000, 0x0000000711200000, 0x0000000711300000|  0%| F|  |TS 17|AC  0|TAMS 0x0000000711200000, 0x0000000711200000|
| 275|0x0000000711300000, 0x0000000711300000, 0x0000000711400000|  0%| F|  |TS 17|AC  0|TAMS 0x0000000711300000, 0x0000000711300000|
| 276|0x0000000711400000, 0x0000000711400000, 0x0000000711500000|  0%| F|  |TS 17|AC  0|TAMS 0x0000000711400000, 0x0000000711400000|
| 277|0x0000000711500000, 0x0000000711500000, 0x0000000711600000|  0%| F|  |TS 17|AC  0|TAMS 0x0000000711500000, 0x0000000711500000|
| 278|0x0000000711600000, 0x0000000711600000, 0x0000000711700000|  0%| F|  |TS 17|AC  0|TAMS 0x0000000711600000, 0x0000000711600000|
| 279|0x0000000711700000, 0x0000000711700000, 0x0000000711800000|  0%| F|  |TS 17|AC  0|TAMS 0x0000000711700000, 0x0000000711700000|
| 280|0x0000000711800000, 0x0000000711800000, 0x0000000711900000|  0%| F|  |TS 17|AC  0|TAMS 0x0000000711800000, 0x0000000711800000|
| 281|0x0000000711900000, 0x0000000711900000, 0x0000000711a00000|  0%| F|  |TS 17|AC  0|TAMS 0x0000000711900000, 0x0000000711900000|
| 282|0x0000000711a00000, 0x0000000711a00000, 0x0000000711b00000|  0%| F|  |TS 17|AC  0|TAMS 0x0000000711a00000, 0x0000000711a00000|
| 283|0x0000000711b00000, 0x0000000711b00000, 0x0000000711c00000|  0%| F|  |TS 17|AC  0|TAMS 0x0000000711b00000, 0x0000000711b00000|
| 284|0x0000000711c00000, 0x0000000711c00000, 0x0000000711d00000|  0%| F|  |TS 17|AC  0|TAMS 0x0000000711c00000, 0x0000000711c00000|
| 285|0x0000000711d00000, 0x0000000711d00000, 0x0000000711e00000|  0%| F|  |TS 17|AC  0|TAMS 0x0000000711d00000, 0x0000000711d00000|
| 286|0x0000000711e00000, 0x0000000711e00000, 0x0000000711f00000|  0%| F|  |TS 17|AC  0|TAMS 0x0000000711e00000, 0x0000000711e00000|
| 287|0x0000000711f00000, 0x0000000711f00000, 0x0000000712000000|  0%| F|  |TS 17|AC  0|TAMS 0x0000000711f00000, 0x0000000711f00000|
| 288|0x0000000712000000, 0x0000000712000000, 0x0000000712100000|  0%| F|  |TS 17|AC  0|TAMS 0x0000000712000000, 0x0000000712000000|
| 289|0x0000000712100000, 0x0000000712100000, 0x0000000712200000|  0%| F|  |TS 17|AC  0|TAMS 0x0000000712100000, 0x0000000712100000|
| 290|0x0000000712200000, 0x0000000712200000, 0x0000000712300000|  0%| F|  |TS 17|AC  0|TAMS 0x0000000712200000, 0x0000000712200000|
| 291|0x0000000712300000, 0x0000000712300000, 0x0000000712400000|  0%| F|  |TS 17|AC  0|TAMS 0x0000000712300000, 0x0000000712300000|
| 292|0x0000000712400000, 0x0000000712400000, 0x0000000712500000|  0%| F|  |TS 17|AC  0|TAMS 0x0000000712400000, 0x0000000712400000|
| 293|0x0000000712500000, 0x0000000712500000, 0x0000000712600000|  0%| F|  |TS 17|AC  0|TAMS 0x0000000712500000, 0x0000000712500000|
| 294|0x0000000712600000, 0x0000000712600000, 0x0000000712700000|  0%| F|  |TS 17|AC  0|TAMS 0x0000000712600000, 0x0000000712600000|
| 295|0x0000000712700000, 0x0000000712700000, 0x0000000712800000|  0%| F|  |TS 17|AC  0|TAMS 0x0000000712700000, 0x0000000712700000|
| 296|0x0000000712800000, 0x0000000712800000, 0x0000000712900000|  0%| F|  |TS 17|AC  0|TAMS 0x0000000712800000, 0x0000000712800000|
| 297|0x0000000712900000, 0x0000000712900000, 0x0000000712a00000|  0%| F|  |TS 17|AC  0|TAMS 0x0000000712900000, 0x0000000712900000|
| 298|0x0000000712a00000, 0x0000000712a00000, 0x0000000712b00000|  0%| F|  |TS 17|AC  0|TAMS 0x0000000712a00000, 0x0000000712a00000|
| 299|0x0000000712b00000, 0x0000000712b00000, 0x0000000712c00000|  0%| F|  |TS 17|AC  0|TAMS 0x0000000712b00000, 0x0000000712b00000|
| 300|0x0000000712c00000, 0x0000000712c00000, 0x0000000712d00000|  0%| F|  |TS 17|AC  0|TAMS 0x0000000712c00000, 0x0000000712c00000|
| 301|0x0000000712d00000, 0x0000000712d00000, 0x0000000712e00000|  0%| F|  |TS 17|AC  0|TAMS 0x0000000712d00000, 0x0000000712d00000|
| 302|0x0000000712e00000, 0x0000000712e00000, 0x0000000712f00000|  0%| F|  |TS 17|AC  0|TAMS 0x0000000712e00000, 0x0000000712e00000|
| 303|0x0000000712f00000, 0x0000000712f00000, 0x0000000713000000|  0%| F|  |TS 17|AC  0|TAMS 0x0000000712f00000, 0x0000000712f00000|
| 304|0x0000000713000000, 0x0000000713000000, 0x0000000713100000|  0%| F|  |TS 17|AC  0|TAMS 0x0000000713000000, 0x0000000713000000|
| 305|0x0000000713100000, 0x0000000713100000, 0x0000000713200000|  0%| F|  |TS 17|AC  0|TAMS 0x0000000713100000, 0x0000000713100000|
| 306|0x0000000713200000, 0x0000000713200000, 0x0000000713300000|  0%| F|  |TS 17|AC  0|TAMS 0x0000000713200000, 0x0000000713200000|
| 307|0x0000000713300000, 0x0000000713300000, 0x0000000713400000|  0%| F|  |TS 21|AC  0|TAMS 0x0000000713300000, 0x0000000713300000|
| 308|0x0000000713400000, 0x0000000713400000, 0x0000000713500000|  0%| F|  |TS 21|AC  0|TAMS 0x0000000713400000, 0x0000000713400000|
| 309|0x0000000713500000, 0x0000000713500000, 0x0000000713600000|  0%| F|  |TS 21|AC  0|TAMS 0x0000000713500000, 0x0000000713500000|
| 310|0x0000000713600000, 0x0000000713600000, 0x0000000713700000|  0%| F|  |TS 25|AC  0|TAMS 0x0000000713600000, 0x0000000713600000|
| 311|0x0000000713700000, 0x0000000713771620, 0x0000000713800000| 44%| S|CS|TS 25|AC  0|TAMS 0x0000000713700000, 0x0000000713700000|
| 312|0x0000000713800000, 0x0000000713800000, 0x0000000713900000|  0%| F|  |TS 25|AC  0|TAMS 0x0000000713800000, 0x0000000713800000|
| 313|0x0000000713900000, 0x0000000713900000, 0x0000000713a00000|  0%| F|  |TS 25|AC  0|TAMS 0x0000000713900000, 0x0000000713900000|
| 314|0x0000000713a00000, 0x0000000713a00000, 0x0000000713b00000|  0%| F|  |TS 25|AC  0|TAMS 0x0000000713a00000, 0x0000000713a00000|
| 315|0x0000000713b00000, 0x0000000713b00000, 0x0000000713c00000|  0%| F|  |TS 25|AC  0|TAMS 0x0000000713b00000, 0x0000000713b00000|
| 316|0x0000000713c00000, 0x0000000713c00000, 0x0000000713d00000|  0%| F|  |TS 25|AC  0|TAMS 0x0000000713c00000, 0x0000000713c00000|
| 317|0x0000000713d00000, 0x0000000713d00000, 0x0000000713e00000|  0%| F|  |TS 25|AC  0|TAMS 0x0000000713d00000, 0x0000000713d00000|
| 318|0x0000000713e00000, 0x0000000713e00000, 0x0000000713f00000|  0%| F|  |TS 25|AC  0|TAMS 0x0000000713e00000, 0x0000000713e00000|
| 319|0x0000000713f00000, 0x0000000713f00000, 0x0000000714000000|  0%| F|  |TS 25|AC  0|TAMS 0x0000000713f00000, 0x0000000713f00000|
| 320|0x0000000714000000, 0x0000000714000000, 0x0000000714100000|  0%| F|  |TS 25|AC  0|TAMS 0x0000000714000000, 0x0000000714000000|
| 321|0x0000000714100000, 0x0000000714100000, 0x0000000714200000|  0%| F|  |TS 25|AC  0|TAMS 0x0000000714100000, 0x0000000714100000|
| 322|0x0000000714200000, 0x0000000714200000, 0x0000000714300000|  0%| F|  |TS 25|AC  0|TAMS 0x0000000714200000, 0x0000000714200000|
| 323|0x0000000714300000, 0x0000000714300000, 0x0000000714400000|  0%| F|  |TS 25|AC  0|TAMS 0x0000000714300000, 0x0000000714300000|
| 324|0x0000000714400000, 0x0000000714400000, 0x0000000714500000|  0%| F|  |TS 25|AC  0|TAMS 0x0000000714400000, 0x0000000714400000|
| 325|0x0000000714500000, 0x0000000714500000, 0x0000000714600000|  0%| F|  |TS 25|AC  0|TAMS 0x0000000714500000, 0x0000000714500000|
| 326|0x0000000714600000, 0x0000000714600000, 0x0000000714700000|  0%| F|  |TS 25|AC  0|TAMS 0x0000000714600000, 0x0000000714600000|
| 327|0x0000000714700000, 0x0000000714700000, 0x0000000714800000|  0%| F|  |TS 25|AC  0|TAMS 0x0000000714700000, 0x0000000714700000|
| 328|0x0000000714800000, 0x0000000714800000, 0x0000000714900000|  0%| F|  |TS 25|AC  0|TAMS 0x0000000714800000, 0x0000000714800000|
| 329|0x0000000714900000, 0x0000000714900000, 0x0000000714a00000|  0%| F|  |TS 25|AC  0|TAMS 0x0000000714900000, 0x0000000714900000|
| 330|0x0000000714a00000, 0x0000000714a00000, 0x0000000714b00000|  0%| F|  |TS 25|AC  0|TAMS 0x0000000714a00000, 0x0000000714a00000|
| 331|0x0000000714b00000, 0x0000000714b00000, 0x0000000714c00000|  0%| F|  |TS 25|AC  0|TAMS 0x0000000714b00000, 0x0000000714b00000|
| 332|0x0000000714c00000, 0x0000000714c00000, 0x0000000714d00000|  0%| F|  |TS 25|AC  0|TAMS 0x0000000714c00000, 0x0000000714c00000|
| 333|0x0000000714d00000, 0x0000000714d00000, 0x0000000714e00000|  0%| F|  |TS 25|AC  0|TAMS 0x0000000714d00000, 0x0000000714d00000|
| 334|0x0000000714e00000, 0x0000000714e00000, 0x0000000714f00000|  0%| F|  |TS 25|AC  0|TAMS 0x0000000714e00000, 0x0000000714e00000|
| 335|0x0000000714f00000, 0x0000000714f00000, 0x0000000715000000|  0%| F|  |TS 25|AC  0|TAMS 0x0000000714f00000, 0x0000000714f00000|
| 336|0x0000000715000000, 0x0000000715000000, 0x0000000715100000|  0%| F|  |TS 25|AC  0|TAMS 0x0000000715000000, 0x0000000715000000|
| 337|0x0000000715100000, 0x0000000715100000, 0x0000000715200000|  0%| F|  |TS 25|AC  0|TAMS 0x0000000715100000, 0x0000000715100000|
| 338|0x0000000715200000, 0x0000000715200000, 0x0000000715300000|  0%| F|  |TS 25|AC  0|TAMS 0x0000000715200000, 0x0000000715200000|
| 339|0x0000000715300000, 0x0000000715300000, 0x0000000715400000|  0%| F|  |TS 25|AC  0|TAMS 0x0000000715300000, 0x0000000715300000|
| 340|0x0000000715400000, 0x0000000715400000, 0x0000000715500000|  0%| F|  |TS 25|AC  0|TAMS 0x0000000715400000, 0x0000000715400000|
| 341|0x0000000715500000, 0x0000000715500000, 0x0000000715600000|  0%| F|  |TS 25|AC  0|TAMS 0x0000000715500000, 0x0000000715500000|
| 342|0x0000000715600000, 0x0000000715600000, 0x0000000715700000|  0%| F|  |TS 25|AC  0|TAMS 0x0000000715600000, 0x0000000715600000|
| 343|0x0000000715700000, 0x0000000715700000, 0x0000000715800000|  0%| F|  |TS 25|AC  0|TAMS 0x0000000715700000, 0x0000000715700000|
| 344|0x0000000715800000, 0x0000000715800000, 0x0000000715900000|  0%| F|  |TS 25|AC  0|TAMS 0x0000000715800000, 0x0000000715800000|
| 345|0x0000000715900000, 0x0000000715900000, 0x0000000715a00000|  0%| F|  |TS 25|AC  0|TAMS 0x0000000715900000, 0x0000000715900000|
| 346|0x0000000715a00000, 0x0000000715a00000, 0x0000000715b00000|  0%| F|  |TS 25|AC  0|TAMS 0x0000000715a00000, 0x0000000715a00000|
| 347|0x0000000715b00000, 0x0000000715b00000, 0x0000000715c00000|  0%| F|  |TS 25|AC  0|TAMS 0x0000000715b00000, 0x0000000715b00000|
| 348|0x0000000715c00000, 0x0000000715c00000, 0x0000000715d00000|  0%| F|  |TS 25|AC  0|TAMS 0x0000000715c00000, 0x0000000715c00000|
| 349|0x0000000715d00000, 0x0000000715d00000, 0x0000000715e00000|  0%| F|  |TS 25|AC  0|TAMS 0x0000000715d00000, 0x0000000715d00000|
| 350|0x0000000715e00000, 0x0000000715e00000, 0x0000000715f00000|  0%| F|  |TS 25|AC  0|TAMS 0x0000000715e00000, 0x0000000715e00000|
| 351|0x0000000715f00000, 0x0000000715f00000, 0x0000000716000000|  0%| F|  |TS 25|AC  0|TAMS 0x0000000715f00000, 0x0000000715f00000|
| 352|0x0000000716000000, 0x0000000716000000, 0x0000000716100000|  0%| F|  |TS 25|AC  0|TAMS 0x0000000716000000, 0x0000000716000000|
| 353|0x0000000716100000, 0x0000000716100000, 0x0000000716200000|  0%| F|  |TS 25|AC  0|TAMS 0x0000000716100000, 0x0000000716100000|
| 354|0x0000000716200000, 0x0000000716200000, 0x0000000716300000|  0%| F|  |TS 25|AC  0|TAMS 0x0000000716200000, 0x0000000716200000|
| 355|0x0000000716300000, 0x0000000716300000, 0x0000000716400000|  0%| F|  |TS 25|AC  0|TAMS 0x0000000716300000, 0x0000000716300000|
| 356|0x0000000716400000, 0x0000000716400000, 0x0000000716500000|  0%| F|  |TS 25|AC  0|TAMS 0x0000000716400000, 0x0000000716400000|
| 357|0x0000000716500000, 0x0000000716500000, 0x0000000716600000|  0%| F|  |TS 25|AC  0|TAMS 0x0000000716500000, 0x0000000716500000|
| 358|0x0000000716600000, 0x0000000716600000, 0x0000000716700000|  0%| F|  |TS 25|AC  0|TAMS 0x0000000716600000, 0x0000000716600000|
| 359|0x0000000716700000, 0x0000000716700000, 0x0000000716800000|  0%| F|  |TS 25|AC  0|TAMS 0x0000000716700000, 0x0000000716700000|
| 360|0x0000000716800000, 0x0000000716800000, 0x0000000716900000|  0%| F|  |TS 25|AC  0|TAMS 0x0000000716800000, 0x0000000716800000|
| 361|0x0000000716900000, 0x0000000716900000, 0x0000000716a00000|  0%| F|  |TS 25|AC  0|TAMS 0x0000000716900000, 0x0000000716900000|
| 362|0x0000000716a00000, 0x0000000716a00000, 0x0000000716b00000|  0%| F|  |TS 25|AC  0|TAMS 0x0000000716a00000, 0x0000000716a00000|
| 363|0x0000000716b00000, 0x0000000716b00000, 0x0000000716c00000|  0%| F|  |TS 25|AC  0|TAMS 0x0000000716b00000, 0x0000000716b00000|
| 364|0x0000000716c00000, 0x0000000716c00000, 0x0000000716d00000|  0%| F|  |TS 25|AC  0|TAMS 0x0000000716c00000, 0x0000000716c00000|
| 365|0x0000000716d00000, 0x0000000716d00000, 0x0000000716e00000|  0%| F|  |TS 25|AC  0|TAMS 0x0000000716d00000, 0x0000000716d00000|
| 366|0x0000000716e00000, 0x0000000716e00000, 0x0000000716f00000|  0%| F|  |TS 25|AC  0|TAMS 0x0000000716e00000, 0x0000000716e00000|
| 367|0x0000000716f00000, 0x0000000716f00000, 0x0000000717000000|  0%| F|  |TS 25|AC  0|TAMS 0x0000000716f00000, 0x0000000716f00000|
| 368|0x0000000717000000, 0x0000000717000000, 0x0000000717100000|  0%| F|  |TS 25|AC  0|TAMS 0x0000000717000000, 0x0000000717000000|
| 369|0x0000000717100000, 0x0000000717100000, 0x0000000717200000|  0%| F|  |TS 25|AC  0|TAMS 0x0000000717100000, 0x0000000717100000|
| 370|0x0000000717200000, 0x0000000717200000, 0x0000000717300000|  0%| F|  |TS 25|AC  0|TAMS 0x0000000717200000, 0x0000000717200000|

Card table byte_map: [0x0000022b10150000,0x0000022b10750000] byte_map_base: 0x0000022b0c950000

Marking Bits (Prev, Next): (CMBitMap*) 0x0000022b78511010, (CMBitMap*) 0x0000022b78511048
 Prev Bits: [0x0000022b10d50000, 0x0000022b13d50000)
 Next Bits: [0x0000022b13d50000, 0x0000022b16d50000)

Polling page: 0x0000022b6f0e0000

CodeHeap 'non-profiled nmethods': size=120000Kb used=22634Kb max_used=22932Kb free=97365Kb
 bounds [0x0000022b07ad0000, 0x0000022b09140000, 0x0000022b0f000000]
CodeHeap 'profiled nmethods': size=120000Kb used=47141Kb max_used=47821Kb free=72858Kb
 bounds [0x0000022b005a0000, 0x0000022b034b0000, 0x0000022b07ad0000]
CodeHeap 'non-nmethods': size=5760Kb used=1897Kb max_used=1943Kb free=3862Kb
 bounds [0x0000022b00000000, 0x0000022b00270000, 0x0000022b005a0000]
 total_blobs=36730 nmethods=19154 adapters=1281
 compilation: enabled

Compilation events (10 events):
Event: 2293.338 Thread 0x0000022b785e3800 25186       4       ui.views.c.dQ::dTo (304 bytes)
Event: 2293.339 Thread 0x0000022b785fa800 25187       3       ui.views.an::eXS (5 bytes)
Event: 2293.339 Thread 0x0000022b785fa800 nmethod 25187 0x0000022b01ac3f10 code [0x0000022b01ac40c0, 0x0000022b01ac4378]
Event: 2293.339 Thread 0x0000022b785fa800 25188       3       java.util.ComparableTimSort::sort (219 bytes)
Event: 2293.339 Thread 0x0000022b785f5000 25189       4       ui.data.signal.D::bHp (13 bytes)
Event: 2293.340 Thread 0x0000022b785fa800 nmethod 25188 0x0000022b01fa6490 code [0x0000022b01fa66e0, 0x0000022b01fa6d80]
Event: 2293.340 Thread 0x0000022b785fa800 25190       3       ui.data.signal.F::bHr (37 bytes)
Event: 2293.340 Thread 0x0000022b785f5000 nmethod 25189 0x0000022b08a82010 code [0x0000022b08a821c0, 0x0000022b08a82258]
Event: 2293.341 Thread 0x0000022b785fa800 nmethod 25190 0x0000022b01ffc290 code [0x0000022b01ffc5a0, 0x0000022b01ffd6d0]
Event: 2293.345 Thread 0x0000022b785e3800 nmethod 25186 0x0000022b08a86710 code [0x0000022b08a869a0, 0x0000022b08a87258]

GC Heap History (10 events):
Event: 2292.241 GC heap after
{Heap after GC invocations=354 (full 9):
 garbage-first heap   total 316416K, used 123614K [0x0000000700000000, 0x00000007001009a8, 0x00000007c0000000)
  region size 1024K, 1 young (1024K), 1 survivors (1024K)
 Metaspace       used 98336K, capacity 105662K, committed 105728K, reserved 1138688K
  class space    used 14309K, capacity 15551K, committed 15616K, reserved 1048576K
}
Event: 2292.510 GC heap before
{Heap before GC invocations=354 (full 9):
 garbage-first heap   total 316416K, used 184030K [0x0000000700000000, 0x00000007001009a8, 0x00000007c0000000)
  region size 1024K, 60 young (61440K), 1 survivors (1024K)
 Metaspace       used 98749K, capacity 106078K, committed 106112K, reserved 1140736K
  class space    used 14462K, capacity 15711K, committed 15744K, reserved 1048576K
}
Event: 2292.518 GC heap after
{Heap after GC invocations=355 (full 9):
 garbage-first heap   total 379904K, used 124068K [0x0000000700000000, 0x0000000700100b98, 0x00000007c0000000)
  region size 1024K, 2 young (2048K), 2 survivors (2048K)
 Metaspace       used 98749K, capacity 106078K, committed 106112K, reserved 1140736K
  class space    used 14462K, capacity 15711K, committed 15744K, reserved 1048576K
}
Event: 2293.031 GC heap before
{Heap before GC invocations=355 (full 9):
 garbage-first heap   total 379904K, used 184484K [0x0000000700000000, 0x0000000700100b98, 0x00000007c0000000)
  region size 1024K, 60 young (61440K), 2 survivors (2048K)
 Metaspace       used 99136K, capacity 106526K, committed 106752K, reserved 1140736K
  class space    used 14594K, capacity 15839K, committed 15872K, reserved 1048576K
}
Event: 2293.039 GC heap after
{Heap after GC invocations=356 (full 9):
 garbage-first heap   total 379904K, used 129285K [0x0000000700000000, 0x0000000700100b98, 0x00000007c0000000)
  region size 1024K, 6 young (6144K), 6 survivors (6144K)
 Metaspace       used 99136K, capacity 106526K, committed 106752K, reserved 1140736K
  class space    used 14594K, capacity 15839K, committed 15872K, reserved 1048576K
}
Event: 2293.124 GC heap before
{Heap before GC invocations=356 (full 9):
 garbage-first heap   total 379904K, used 184581K [0x0000000700000000, 0x0000000700100b98, 0x00000007c0000000)
  region size 1024K, 60 young (61440K), 6 survivors (6144K)
 Metaspace       used 99141K, capacity 106526K, committed 106752K, reserved 1140736K
  class space    used 14594K, capacity 15839K, committed 15872K, reserved 1048576K
}
Event: 2293.131 GC heap after
{Heap after GC invocations=357 (full 9):
 garbage-first heap   total 379904K, used 129795K [0x0000000700000000, 0x0000000700100b98, 0x00000007c0000000)
  region size 1024K, 1 young (1024K), 1 survivors (1024K)
 Metaspace       used 99141K, capacity 106526K, committed 106752K, reserved 1140736K
  class space    used 14594K, capacity 15839K, committed 15872K, reserved 1048576K
}
Event: 2293.295 GC heap before
{Heap before GC invocations=357 (full 9):
 garbage-first heap   total 379904K, used 190211K [0x0000000700000000, 0x0000000700100b98, 0x00000007c0000000)
  region size 1024K, 60 young (61440K), 1 survivors (1024K)
 Metaspace       used 99201K, capacity 106590K, committed 106752K, reserved 1140736K
  class space    used 14600K, capacity 15839K, committed 15872K, reserved 1048576K
}
Event: 2293.300 GC heap after
{Heap after GC invocations=358 (full 9):
 garbage-first heap   total 379904K, used 129271K [0x0000000700000000, 0x0000000700100b98, 0x00000007c0000000)
  region size 1024K, 1 young (1024K), 1 survivors (1024K)
 Metaspace       used 99201K, capacity 106590K, committed 106752K, reserved 1140736K
  class space    used 14600K, capacity 15839K, committed 15872K, reserved 1048576K
}
Event: 2293.408 GC heap before
{Heap before GC invocations=358 (full 9):
 garbage-first heap   total 379904K, used 189687K [0x0000000700000000, 0x0000000700100b98, 0x00000007c0000000)
  region size 1024K, 60 young (61440K), 1 survivors (1024K)
 Metaspace       used 99206K, capacity 106590K, committed 106752K, reserved 1140736K
  class space    used 14600K, capacity 15839K, committed 15872K, reserved 1048576K
}

Deoptimization events (10 events):
Event: 2291.634 Thread 0x0000022b76d13000 Uncommon trap: reason=class_check action=maybe_recompile pc=0x0000022b08854334 method=com.jidesoft.plaf.basic.BasicStyledLabelUI.layoutCL(Ljavax/swing/JLabel;Ljava/awt/FontMetrics;Ljava/lang/String;Ljavax/swing/Icon;Ljava/awt/Rectangle;Ljava/awt/Rectangle
Event: 2291.720 Thread 0x0000022b76d13000 Uncommon trap: reason=class_check action=maybe_recompile pc=0x0000022b08854334 method=com.jidesoft.plaf.basic.BasicStyledLabelUI.layoutCL(Ljavax/swing/JLabel;Ljava/awt/FontMetrics;Ljava/lang/String;Ljavax/swing/Icon;Ljava/awt/Rectangle;Ljava/awt/Rectangle
Event: 2292.190 Thread 0x0000022b76d13000 Uncommon trap: reason=class_check action=maybe_recompile pc=0x0000022b07f0c500 method=com.jidesoft.docking.c.findComponentByDockID(Lcom/jidesoft/docking/DockingManager;Ljava/awt/Container;I)Ljava/awt/Component; @ 61 c2
Event: 2292.418 Thread 0x0000022b76d13000 Uncommon trap: reason=unstable_if action=reinterpret pc=0x0000022b07e2a128 method=javax.swing.text.AbstractDocument$DefaultDocumentEvent.getChange(Ljavax/swing/text/Element;)Ljavax/swing/event/DocumentEvent$ElementChange; @ 4 c2
Event: 2292.419 Thread 0x0000022b76d13000 Uncommon trap: reason=predicate action=maybe_recompile pc=0x0000022b08ad1264 method=javax.swing.text.View.updateChildren(Ljavax/swing/event/DocumentEvent$ElementChange;Ljavax/swing/event/DocumentEvent;Ljavax/swing/text/ViewFactory;)Z @ 43 c2
Event: 2292.419 Thread 0x0000022b76d13000 Uncommon trap: reason=class_check action=maybe_recompile pc=0x0000022b08718b38 method=javax.swing.text.AbstractDocument$DefaultDocumentEvent.addEdit(Ljavax/swing/undo/UndoableEdit;)Z @ 101 c2
Event: 2292.419 Thread 0x0000022b76d13000 Uncommon trap: reason=predicate action=maybe_recompile pc=0x0000022b08c51788 method=javax.swing.text.View.updateChildren(Ljavax/swing/event/DocumentEvent$ElementChange;Ljavax/swing/event/DocumentEvent;Ljavax/swing/text/ViewFactory;)Z @ 43 c2
Event: 2292.700 Thread 0x0000022b76d13000 Uncommon trap: reason=class_check action=maybe_recompile pc=0x0000022b08718b38 method=javax.swing.text.AbstractDocument$DefaultDocumentEvent.addEdit(Ljavax/swing/undo/UndoableEdit;)Z @ 101 c2
Event: 2292.781 Thread 0x0000022b76d13000 Uncommon trap: reason=class_check action=maybe_recompile pc=0x0000022b08718b38 method=javax.swing.text.AbstractDocument$DefaultDocumentEvent.addEdit(Ljavax/swing/undo/UndoableEdit;)Z @ 101 c2
Event: 2292.808 Thread 0x0000022b76d13000 Uncommon trap: reason=class_check action=maybe_recompile pc=0x0000022b08718b38 method=javax.swing.text.AbstractDocument$DefaultDocumentEvent.addEdit(Ljavax/swing/undo/UndoableEdit;)Z @ 101 c2

Classes redefined (0 events):
No events

Internal exceptions (10 events):
Event: 2088.626 Thread 0x0000022b76d13000 Implicit null exception at 0x0000022b088189be to 0x0000022b0881a4e9
Event: 2088.627 Thread 0x0000022b76d13000 Implicit null exception at 0x0000022b07f9bf6b to 0x0000022b07f9bfd5
Event: 2088.627 Thread 0x0000022b76d13000 Implicit null exception at 0x0000022b07f07a24 to 0x0000022b07f07b2a
Event: 2174.008 Thread 0x0000022b76d13000 Exception <a 'java/lang/NoSuchMethodError'{0x000000070a0ec9c8}: java.lang.invoke.DirectMethodHandle$Holder.invokeSpecial(Ljava/lang/Object;Ljava/lang/Object;IILjava/lang/Object;Ljava/lang/Object;Ljava/lang/Object;I)Ljava/lang/Object;> (0x000000070a0ec9c8)
Event: 2174.008 Thread 0x0000022b76d13000 Exception <a 'java/lang/NoSuchMethodError'{0x000000070a0f0278}: java.lang.invoke.DelegatingMethodHandle$Holder.reinvoke_L(Ljava/lang/Object;IILjava/lang/Object;Ljava/lang/Object;Ljava/lang/Object;I)Ljava/lang/Object;> (0x000000070a0f0278) thrown at [t:/wo
Event: 2174.010 Thread 0x0000022b76d13000 Exception <a 'java/lang/NoSuchMethodError'{0x0000000709f3ef20}: java.lang.invoke.DirectMethodHandle$Holder.invokeStatic(Ljava/lang/Object;Ljava/lang/Object;Ljava/lang/Object;Ljava/lang/Object;Ljava/lang/Object;Ljava/lang/Object;Ljava/lang/Object;Ljava/lan
Event: 2174.011 Thread 0x0000022b76d13000 Exception <a 'java/lang/NoSuchMethodError'{0x0000000709f5faa0}: java.lang.invoke.DirectMethodHandle$Holder.invokeStatic(Ljava/lang/Object;Ljava/lang/Object;Ljava/lang/Object;Ljava/lang/Object;Ljava/lang/Object;Ljava/lang/Object;Ljava/lang/Object;Ljava/lan
Event: 2174.011 Thread 0x0000022b76d13000 Exception <a 'java/lang/NoSuchMethodError'{0x0000000709f6d840}: java.lang.invoke.DirectMethodHandle$Holder.invokeSpecial(Ljava/lang/Object;Ljava/lang/Object;Ljava/lang/Object;Ljava/lang/Object;Ljava/lang/Object;I)Ljava/lang/Object;> (0x0000000709f6d840) t
Event: 2288.396 Thread 0x0000022b81dab800 Implicit null exception at 0x0000022b090842d0 to 0x0000022b090842e8
Event: 2290.839 Thread 0x0000022b76d13000 Implicit null exception at 0x0000022b08d4a64c to 0x0000022b08d4ae39

Events (10 events):
Event: 2293.209 Executing VM operation: RevokeBias
Event: 2293.209 Executing VM operation: RevokeBias done
Event: 2293.209 Thread 0x0000022b1cdfd000 Thread exited: 0x0000022b1cdfd000
Event: 2293.269 loading class ui/b/L/F
Event: 2293.269 loading class ui/b/L/F done
Event: 2293.295 Executing VM operation: G1IncCollectionPause
Event: 2293.300 Executing VM operation: G1IncCollectionPause done
Event: 2293.301 Executing VM operation: RevokeBias
Event: 2293.301 Executing VM operation: RevokeBias done
Event: 2293.408 Executing VM operation: G1IncCollectionPause


Dynamic libraries:
0x00007ff7fee20000 - 0x00007ff7fee50000 	C:\Xilinx\Vivado\2018.3\bin\unwrapped\win64.o\vivado.exe
0x00007ffadeeb0000 - 0x00007ffadf09d000 	C:\WINDOWS\SYSTEM32\ntdll.dll
0x00007ffadc820000 - 0x00007ffadc8d3000 	C:\WINDOWS\System32\KERNEL32.DLL
0x00007ffadb0c0000 - 0x00007ffadb353000 	C:\WINDOWS\System32\KERNELBASE.dll
0x00007ffadbf00000 - 0x00007ffadbffa000 	C:\WINDOWS\System32\ucrtbase.dll
0x00007ffac0cd0000 - 0x00007ffac0d77000 	C:\WINDOWS\SYSTEM32\MSVCP140.dll
0x00007ffac0cb0000 - 0x00007ffac0cc6000 	C:\WINDOWS\SYSTEM32\VCRUNTIME140.dll
0x00007ffad4c30000 - 0x00007ffad4c44000 	C:\Xilinx\Vivado\2018.3\lib\win64.o\libboost_signals.dll
0x00007ffad19e0000 - 0x00007ffad19f4000 	C:\Xilinx\Vivado\2018.3\lib\win64.o\librdi_commonmain.dll
0x00007ffad4c20000 - 0x00007ffad4c2a000 	C:\Xilinx\Vivado\2018.3\lib\win64.o\librdi_commonversion.dll
0x00007ffaac9d0000 - 0x00007ffaac9f6000 	C:\Xilinx\Vivado\2018.3\lib\win64.o\libboost_filesystem.dll
0x00007ffadc280000 - 0x00007ffadc323000 	C:\WINDOWS\System32\ADVAPI32.dll
0x00007ffadcfa0000 - 0x00007ffadd03e000 	C:\WINDOWS\System32\msvcrt.dll
0x00007ffadc1e0000 - 0x00007ffadc27e000 	C:\WINDOWS\System32\sechost.dll
0x00007ffadc690000 - 0x00007ffadc7b2000 	C:\WINDOWS\System32\RPCRT4.dll
0x00007ffa79020000 - 0x00007ffa79141000 	C:\Xilinx\Vivado\2018.3\lib\win64.o\librdi_commonxillic.dll
0x00007ffadd230000 - 0x00007ffadd3c7000 	C:\WINDOWS\System32\USER32.dll
0x00007ffadb0a0000 - 0x00007ffadb0c0000 	C:\WINDOWS\System32\win32u.dll
0x00007ffadd040000 - 0x00007ffadd069000 	C:\WINDOWS\System32\GDI32.dll
0x00007ffadbab0000 - 0x00007ffadbc49000 	C:\WINDOWS\System32\gdi32full.dll
0x00007ffadc030000 - 0x00007ffadc0d0000 	C:\WINDOWS\System32\msvcp_win.dll
0x0000000051350000 - 0x000000005147b000 	C:\Xilinx\Vivado\2018.3\lib\win64.o\tcl85t.dll
0x00007ffadea80000 - 0x00007ffadeaed000 	C:\WINDOWS\System32\WS2_32.dll
0x00007ffad1470000 - 0x00007ffad147b000 	C:\Xilinx\Vivado\2018.3\lib\win64.o\libboost_system.dll
0x00007ffa78180000 - 0x00007ffa79014000 	C:\Xilinx\Vivado\2018.3\lib\win64.o\librdi_common.dll
0x00007ffadd500000 - 0x00007ffade9f4000 	C:\WINDOWS\System32\SHELL32.dll
0x00007ffadbe30000 - 0x00007ffadbe7a000 	C:\WINDOWS\System32\cfgmgr32.dll
0x00007ffadd3d0000 - 0x00007ffadd478000 	C:\WINDOWS\System32\shcore.dll
0x00007ffadc330000 - 0x00007ffadc65c000 	C:\WINDOWS\System32\combase.dll
0x00007ffadb020000 - 0x00007ffadb09e000 	C:\WINDOWS\System32\bcryptPrimitives.dll
0x00007ffadb360000 - 0x00007ffadbaad000 	C:\WINDOWS\System32\windows.storage.dll
0x00007ffadaf20000 - 0x00007ffadaf44000 	C:\WINDOWS\System32\profapi.dll
0x00007ffadaec0000 - 0x00007ffadaf1d000 	C:\WINDOWS\System32\powrprof.dll
0x00007ffadeaf0000 - 0x00007ffadeb42000 	C:\WINDOWS\System32\shlwapi.dll
0x00007ffadaea0000 - 0x00007ffadaeb1000 	C:\WINDOWS\System32\kernel.appcore.dll
0x00007ffadbee0000 - 0x00007ffadbef7000 	C:\WINDOWS\System32\cryptsp.dll
0x00007ffa77ec0000 - 0x00007ffa78175000 	C:\Xilinx\Vivado\2018.3\lib\win64.o\libXil_lmgr11.dll
0x00007ffadebc0000 - 0x00007ffadece7000 	C:\WINDOWS\System32\COMDLG32.dll
0x00007ffadcd60000 - 0x00007ffadce24000 	C:\WINDOWS\System32\OLEAUT32.dll
0x00007ffaded10000 - 0x00007ffadee65000 	C:\WINDOWS\System32\ole32.dll
0x00007ffadbe80000 - 0x00007ffadbed9000 	C:\WINDOWS\System32\WINTRUST.dll
0x00007ffadaf50000 - 0x00007ffadaf62000 	C:\WINDOWS\System32\MSASN1.dll
0x00007ffadbc50000 - 0x00007ffadbe2b000 	C:\WINDOWS\System32\CRYPT32.dll
0x00007ffa8d900000 - 0x00007ffa8d97f000 	C:\Xilinx\Vivado\2018.3\lib\win64.o\libboost_program_options.dll
0x00007ffab5d70000 - 0x00007ffab5d84000 	C:\Xilinx\Vivado\2018.3\lib\win64.o\libboost_date_time.dll
0x00007ffa77da0000 - 0x00007ffa77eb4000 	C:\Xilinx\Vivado\2018.3\lib\win64.o\libboost_regex.dll
0x00007ffa77a30000 - 0x00007ffa77d9e000 	C:\Xilinx\Vivado\2018.3\lib\win64.o\libCOIN-all.dll
0x00007ffaa76e0000 - 0x00007ffaa7701000 	C:\Xilinx\Vivado\2018.3\lib\win64.o\libboost_thread.dll
0x00007ffad1460000 - 0x00007ffad146f000 	C:\Xilinx\Vivado\2018.3\lib\win64.o\libboost_xilinx.dll
0x00007ffa81620000 - 0x00007ffa816a2000 	C:\Xilinx\Vivado\2018.3\lib\win64.o\libhdlpsolve.dll
0x00007ffa77980000 - 0x00007ffa77a25000 	C:\Xilinx\Vivado\2018.3\lib\win64.o\libhdxml.dll
0x00007ffaa6270000 - 0x00007ffaa629e000 	C:\Xilinx\Vivado\2018.3\lib\win64.o\libisl_sysinfo.dll
0x00007ffa8c140000 - 0x00007ffa8c1a5000 	C:\Xilinx\Vivado\2018.3\lib\win64.o\liblmx6.0.dll
0x00007ffab5b30000 - 0x00007ffab5b4a000 	C:\Xilinx\Vivado\2018.3\lib\win64.o\pthreadVC2.dll
0x00007ffaa4260000 - 0x00007ffaa427c000 	C:\Xilinx\Vivado\2018.3\lib\win64.o\librdiconfig.dll
0x00007ffabe910000 - 0x00007ffabe927000 	C:\WINDOWS\SYSTEM32\NETAPI32.dll
0x00007ffac07c0000 - 0x00007ffac0ca1000 	C:\WINDOWS\SYSTEM32\WININET.dll
0x00007ffad51a0000 - 0x00007ffad5292000 	C:\WINDOWS\SYSTEM32\WINHTTP.dll
0x00007ffac9730000 - 0x00007ffac9907000 	C:\WINDOWS\SYSTEM32\urlmon.dll
0x00007ffa9e4a0000 - 0x00007ffa9e4c1000 	C:\Xilinx\Vivado\2018.3\lib\win64.o\librdizlib.dll
0x00007ffaacba0000 - 0x00007ffaacba9000 	C:\WINDOWS\SYSTEM32\WSOCK32.dll
0x00007ffa8d8d0000 - 0x00007ffa8d8f8000 	C:\WINDOWS\SYSTEM32\VCOMP140.DLL
0x00007ffac93d0000 - 0x00007ffac9479000 	C:\WINDOWS\WinSxS\amd64_microsoft.windows.common-controls_6595b64144ccf1df_5.82.17763.864_none_10e4f916642dbda1\COMCTL32.dll
0x00007ffad0510000 - 0x00007ffad052c000 	C:\WINDOWS\SYSTEM32\dhcpcsvc.DLL
0x00007ffadee70000 - 0x00007ffadee78000 	C:\WINDOWS\System32\NSI.dll
0x00007ffaae6b0000 - 0x00007ffaae6bd000 	C:\Xilinx\Vivado\2018.3\lib\win64.o\libboost_chrono.dll
0x00007ffac9480000 - 0x00007ffac9728000 	C:\WINDOWS\SYSTEM32\iertutil.dll
0x00007ffada8e0000 - 0x00007ffada8ec000 	C:\WINDOWS\SYSTEM32\CRYPTBASE.DLL
0x00007ffa76ae0000 - 0x00007ffa77971000 	C:\Xilinx\Vivado\2018.3\lib\win64.o\gurobi65.dll
0x0000000012000000 - 0x0000000012272000 	C:\Xilinx\Vivado\2018.3\lib\win64.o\xerces-c_3_1.dll
0x00007ffa76290000 - 0x00007ffa76ade600 	C:\Xilinx\Vivado\2018.3\lib\win64.o\libisl_iostreams.dll
0x00007ffa89570000 - 0x00007ffa89595000 	C:\Xilinx\Vivado\2018.3\lib\win64.o\libisl_iosutils.dll
0x00007ffa82610000 - 0x00007ffa8262b000 	C:\Xilinx\Vivado\2018.3\lib\win64.o\libboost_iostreams.dll
0x00007ffada540000 - 0x00007ffada54e000 	C:\WINDOWS\SYSTEM32\NETUTILS.DLL
0x00007ffadc660000 - 0x00007ffadc68e000 	C:\WINDOWS\System32\IMM32.DLL
0x00007ffa75d90000 - 0x00007ffa76285000 	C:\Xilinx\Vivado\2018.3\lib\win64.o\librdi_commontasks.dll
0x00007ffad0490000 - 0x00007ffad049a000 	C:\WINDOWS\SYSTEM32\VERSION.dll
0x00007ffa75b10000 - 0x00007ffa75d8f000 	C:\Xilinx\Vivado\2018.3\lib\win64.o\librdi_sio.dll
0x00007ffada430000 - 0x00007ffada46d000 	C:\WINDOWS\SYSTEM32\IPHLPAPI.DLL
0x0000000050920000 - 0x0000000051345000 	C:\Xilinx\Vivado\2018.3\tps\win64\jre9.0.4\bin\server\jvm.dll
0x00007ffadebb0000 - 0x00007ffadebb8000 	C:\WINDOWS\System32\PSAPI.DLL
0x00007ffac76d0000 - 0x00007ffac76f4000 	C:\WINDOWS\SYSTEM32\WINMM.dll
0x00007ffa75a20000 - 0x00007ffa75b0f000 	C:\WINDOWS\SYSTEM32\MSVCR120.dll
0x00007ffac76a0000 - 0x00007ffac76cd000 	C:\WINDOWS\SYSTEM32\WINMMBASE.dll
0x00007ffada710000 - 0x00007ffada777000 	C:\WINDOWS\SYSTEM32\MSWSOCK.DLL
0x00007ffa73650000 - 0x00007ffa75a12000 	C:\Xilinx\Vivado\2018.3\lib\win64.o\librdi_tcltasks.dll
0x00007ffa735e0000 - 0x00007ffa7364a000 	C:\Xilinx\Vivado\2018.3\lib\win64.o\librdi_boarddep.dll
0x00007ffa73200000 - 0x00007ffa735dc000 	C:\Xilinx\Vivado\2018.3\lib\win64.o\librdi_bitstream.dll
0x00007ffa73120000 - 0x00007ffa731fc000 	C:\Xilinx\Vivado\2018.3\lib\win64.o\librdi_chipscope.dll
0x00007ffa72fa0000 - 0x00007ffa7311e000 	C:\Xilinx\Vivado\2018.3\lib\win64.o\librdi_board.dll
0x00007ffa72de0000 - 0x00007ffa72f99000 	C:\Xilinx\Vivado\2018.3\lib\win64.o\librdi_chipscopeimpl.dll
0x00007ffa72c90000 - 0x00007ffa72dd8000 	C:\Xilinx\Vivado\2018.3\lib\win64.o\librdi_containers.dll
0x00007ffa71380000 - 0x00007ffa72c85000 	C:\Xilinx\Vivado\2018.3\lib\win64.o\librdi_constraints.dll
0x00007ffa6f560000 - 0x00007ffa7137f000 	C:\Xilinx\Vivado\2018.3\lib\win64.o\librdi_coregen.dll
0x00007ffa6ee80000 - 0x00007ffa6f55a000 	C:\Xilinx\Vivado\2018.3\lib\win64.o\librdi_coregenipxact.dll
0x00007ffa6b080000 - 0x00007ffa6ee7b000 	C:\Xilinx\Vivado\2018.3\lib\win64.o\librdi_designutils.dll
0x00007ffa5a320000 - 0x00007ffa6b072000 	C:\Xilinx\Vivado\2018.3\lib\win64.o\librdi_device.dll
0x00007ffa59dc0000 - 0x00007ffa5a320000 	C:\Xilinx\Vivado\2018.3\lib\win64.o\librdi_drc.dll
0x00007ffa59aa0000 - 0x00007ffa59dbb000 	C:\Xilinx\Vivado\2018.3\lib\win64.o\librdi_dlyest.dll
0x00007ffa599d0000 - 0x00007ffa59a92000 	C:\Xilinx\Vivado\2018.3\lib\win64.o\librdi_dsp.dll
0x00007ffa59970000 - 0x00007ffa599cd000 	C:\Xilinx\Vivado\2018.3\lib\win64.o\librdi_hdf.dll
0x00007ffa59690000 - 0x00007ffa5996a000 	C:\Xilinx\Vivado\2018.3\lib\win64.o\librdi_guitools.dll
0x00007ffa59050000 - 0x00007ffa5968f000 	C:\Xilinx\Vivado\2018.3\lib\win64.o\librdi_filemgmt.dll
0x00007ffa58fd0000 - 0x00007ffa59041000 	C:\Xilinx\Vivado\2018.3\lib\win64.o\librdi_memoryarray.dll
0x00007ffa57c30000 - 0x00007ffa58fc1000 	C:\Xilinx\Vivado\2018.3\lib\win64.o\librdi_implflow.dll
0x00007ffa57610000 - 0x00007ffa57c25000 	C:\Xilinx\Vivado\2018.3\lib\win64.o\librdi_memdata.dll
0x00007ffa53c60000 - 0x00007ffa5760c000 	C:\Xilinx\Vivado\2018.3\lib\win64.o\librdi_mig.dll
0x00007ffa815d0000 - 0x00007ffa81620000 	C:\Xilinx\Vivado\2018.3\lib\win64.o\librdi_pfi.dll
0x00007ffa53620000 - 0x00007ffa53c5b000 	C:\Xilinx\Vivado\2018.3\lib\win64.o\librdi_netlist.dll
0x00007ffa50df0000 - 0x00007ffa510f7000 	C:\Xilinx\Vivado\2018.3\lib\win64.o\librdi_platform.dll
0x00007ffa51100000 - 0x00007ffa53614000 	C:\Xilinx\Vivado\2018.3\lib\win64.o\librdi_place.dll
0x00007ffa506f0000 - 0x00007ffa50de5000 	C:\Xilinx\Vivado\2018.3\lib\win64.o\librdi_power.dll
0x00007ffa50190000 - 0x00007ffa506e6000 	C:\Xilinx\Vivado\2018.3\lib\win64.o\librdi_project.dll
0x00007ffa4fa90000 - 0x00007ffa50183000 	C:\Xilinx\Vivado\2018.3\lib\win64.o\librdi_psta.dll
0x00007ffa4f6b0000 - 0x00007ffa4fa87000 	C:\Xilinx\Vivado\2018.3\lib\win64.o\librdi_runs.dll
0x00007ffa4efd0000 - 0x00007ffa4f6a9000 	C:\Xilinx\Vivado\2018.3\lib\win64.o\librdi_rsb.dll
0x00007ffa4eef0000 - 0x00007ffa4efc8000 	C:\Xilinx\Vivado\2018.3\lib\win64.o\librdi_runsbase.dll
0x00007ffa4ed90000 - 0x00007ffa4eee4000 	C:\Xilinx\Vivado\2018.3\lib\win64.o\librdi_advchipscopeimpl.dll
0x00007ffa4eb60000 - 0x00007ffa4ed88000 	C:\Xilinx\Vivado\2018.3\lib\win64.o\librdi_simdata.dll
0x00007ffa4ddd0000 - 0x00007ffa4eb5d000 	C:\Xilinx\Vivado\2018.3\lib\win64.o\librdi_timing.dll
0x00007ffa4dd80000 - 0x00007ffa4ddcc000 	C:\Xilinx\Vivado\2018.3\lib\win64.o\libboost_serialization.dll
0x00007ffa4dcc0000 - 0x00007ffa4dd78000 	C:\Xilinx\Vivado\2018.3\lib\win64.o\librdi_hip_devdesign.dll
0x00007ffa4dc80000 - 0x00007ffa4dcb8000 	C:\Xilinx\Vivado\2018.3\lib\win64.o\librdi_noc_frameworks.dll
0x00007ffa4dbd0000 - 0x00007ffa4dc7b000 	C:\Xilinx\Vivado\2018.3\lib\win64.o\librdi_ipconfig_readwrite.dll
0x00007ffa4d680000 - 0x00007ffa4dbce000 	C:\Xilinx\Vivado\2018.3\lib\win64.o\librdi_xdm.dll
0x00007ffa4d2c0000 - 0x00007ffa4d675000 	C:\Xilinx\Vivado\2018.3\lib\win64.o\librdi_hip_config.dll
0x00007ffa4c770000 - 0x00007ffa4d2b7000 	C:\Xilinx\Vivado\2018.3\lib\win64.o\libverific.dll
0x00007ffa4c720000 - 0x00007ffa4c769000 	C:\Xilinx\Vivado\2018.3\lib\win64.o\librdi_wavedata_SimpleApi.dll

VM Arguments:
jvm_args: -Dsun.java2d.pmoffscreen=false -Dsun.java2d.xrender=false -Dsun.java2d.d3d=false -Dsun.awt.nopixfmt=true -Dsun.java2d.dpiaware=true -Dsun.java2d.uiScale.enabled=false -Xverify:none -Dswing.aatext=true -XX:-UsePerfData -Djdk.map.althashing.threshold=512 -XX:StringTableSize=4072 --add-opens=java.base/java.nio=ALL-UNNAMED --add-opens=java.desktop/sun.swing=ALL-UNNAMED --add-opens=java.desktop/javax.swing=ALL-UNNAMED --add-opens=java.desktop/javax.swing.tree=ALL-UNNAMED --add-opens=java.desktop/javax.swing.plaf.basic=ALL-UNNAMED --add-opens=java.desktop/javax.swing.plaf.synth=ALL-UNNAMED --add-opens=java.desktop/com.sun.awt=ALL-UNNAMED -XX:NewSize=60m -XX:MaxNewSize=60m -Xms128m -Xmx3072m -Xss5m 
java_command: <unknown>
java_class_path (initial): C:/Xilinx/Vivado/2018.3\lib\classes\alloy.jar;C:/Xilinx/Vivado/2018.3\lib\classes\autopilot.scelaborator.jar;C:/Xilinx/Vivado/2018.3\lib\classes\autopilot.sourceprocessor.jar;C:/Xilinx/Vivado/2018.3\lib\classes\autopilot.tbprocessor.jar;C:/Xilinx/Vivado/2018.3\lib\classes\batik-anim.jar;C:/Xilinx/Vivado/2018.3\lib\classes\batik-awt-util.jar;C:/Xilinx/Vivado/2018.3\lib\classes\batik-bridge.jar;C:/Xilinx/Vivado/2018.3\lib\classes\batik-codec.jar;C:/Xilinx/Vivado/2018.3\lib\classes\batik-css.jar;C:/Xilinx/Vivado/2018.3\lib\classes\batik-dom.jar;C:/Xilinx/Vivado/2018.3\lib\classes\batik-ext.jar;C:/Xilinx/Vivado/2018.3\lib\classes\batik-gui-util.jar;C:/Xilinx/Vivado/2018.3\lib\classes\batik-gvt.jar;C:/Xilinx/Vivado/2018.3\lib\classes\batik-parser.jar;C:/Xilinx/Vivado/2018.3\lib\classes\batik-script.jar;C:/Xilinx/Vivado/2018.3\lib\classes\batik-svg-dom.jar;C:/Xilinx/Vivado/2018.3\lib\classes\batik-swing.jar;C:/Xilinx/Vivado/2018.3\lib\classes\batik-transcoder.jar;C:/Xilinx/Vivado/2018.3\lib\classes\batik-util.jar;C:/Xilinx/Vivado/2018.3\lib\classes\batik-xml.jar;C:/Xilinx/Vivado/2018.3\lib\classes\com.ibm.icu_4.4.2.v20110208.jar;C:/Xilinx/Vivado/2018.3\lib\classes\commons-collections4-4.1.jar;C:/Xilinx/Vivado/2018.3\lib\classes\commons-math-2.2.jar;C:/Xilinx/Vivado/2018.3\lib\classes\dom4j-1.6.1.jar;C:/Xilinx/Vivado/2018.3\lib\classes\guava-18.0.jar;C:/Xilinx/Vivado/2018.3\lib\classes\help.jar;C:/Xilinx/Vivado/2018.3\lib\classes\hsqldb.jar;C:/Xilinx/Vivado/2018.3\lib\classes\jargs.jar;C:/Xilinx/Vivado/2018.3\lib\classes\jaxb-api-2.3.0.jar;C:/Xilinx/Vivado/2018.3\lib\classes\jh.jar;C:/Xilinx/Vivado/2018.3\lib\classes\jide-action.jar;C:/Xilinx/Vivado/2018.3\lib\classes\jide-charts.jar;C:/Xilinx/Vivado/2018.3\lib\classes\jide-common.jar;C:/Xilinx/Vivado/2018.3\lib\classes\jide-components.jar;C:/Xilinx/Vivado/2018.3\lib\classes\jide-dashboard.jar;C:/Xilinx/Vivado/2018.3\lib\classes\jide-data.jar;C:/Xilinx/Vivado/2018.3\lib\classes\jide-dialogs.jar
Launcher Type: generic

Logging:
Log output configuration:
#0: stdout all=warning uptime,level,tags
#1: stderr all=off uptime,level,tags

Environment Variables:
PATH=C:/Xilinx/Vivado/2018.3/bin;C:/Xilinx/Vivado/2018.3/lib/win64.o;C:/Xilinx/Vivado/2018.3/tps/win64/jre9.0.4/bin/server;C:/Xilinx/Vivado/2018.3/tps/win64/jre9.0.4/bin;C:/Xilinx/SDK/2018.3/bin;C:/Xilinx/Vivado/2018.3/ids_lite/ISE/bin/nt64;C:/Xilinx/Vivado/2018.3/ids_lite/ISE/lib/nt64;C:\Program Files (x86)\Common Files\Oracle\Java\javapath;C:\Windows\system32;C:\Windows;C:\Windows\System32\Wbem;C:\Windows\System32\WindowsPowerShell\v1.0\;C:\Windows\System32\OpenSSH\;C:\Program Files (x86)\NVIDIA Corporation\PhysX\Common;C:\Program Files\MATLAB\R2018b\bin;C:\Program Files\NVIDIA Corporation\NVIDIA NvDLISR;C:\Program Files (x86)\Intel\Intel(R) Management Engine Components\DAL;C:\Program Files\Intel\Intel(R) Management Engine Components\DAL;;C:\Users\Damiano\AppData\Local\Microsoft\WindowsApps;C:\Users\Damiano\AppData\Local\GitHubDesktop\bin;C:/Xilinx/Vivado/2018.3\tps\mingw\6.2.0\win64.o\nt\bin;C:/Xilinx/Vivado/2018.3\tps\mingw\6.2.0\win64.o\nt\libexec\gcc\x86_64-w64-mingw32\6.2.0
USERNAME=Damiano
OS=Windows_NT
PROCESSOR_IDENTIFIER=Intel64 Family 6 Model 158 Stepping 10, GenuineIntel



---------------  S Y S T E M  ---------------

OS: Windows 10 , 64 bit Build 17763 (10.0.17763.475)

CPU:total 12 (initial active 12) (6 cores per cpu, 2 threads per core) family 6 model 158 stepping 10, cmov, cx8, fxsr, mmx, sse, sse2, sse3, ssse3, sse4.1, sse4.2, popcnt, avx, avx2, aes, clmul, erms, 3dnowpref, lzcnt, ht, tsc, tscinvbit, bmi1, bmi2, adx, fma

Memory: 4k page, physical 8140052k(1079128k free), swap 10237204k(36232k free)

vm_info: Java HotSpot(TM) 64-Bit Server VM (9.0.4+11) for windows-amd64 JRE (9.0.4+11), built on Dec 20 2017 02:18:54 by "mach5one" with MS VC++ 12.0 (VS2013)

END.
